[0217/221343.351:ERROR:process_memory_win.cc(73)] ReadMemory at 0x13ffa0000 of 64 bytes failed: Запрос ReadProcessMemory или WriteProcessMemory был выполнен только частично. (0x12B)
[0217/221343.524:WARNING:pe_image_reader.cc(340)] could not read dos header from c:\PROGRA~2\google\chrome\APPLIC~1\chrome.exe
[0217/221343.524:ERROR:process_memory_win.cc(73)] ReadMemory at 0x77610000 of 64 bytes failed: Запрос ReadProcessMemory или WriteProcessMemory был выполнен только частично. (0x12B)
[0217/221343.524:WARNING:pe_image_reader.cc(340)] could not read dos header from C:\Windows\SYSTEM32\ntdll.dll
[0217/221343.524:ERROR:process_memory_win.cc(73)] ReadMemory at 0x774f0000 of 64 bytes failed: Запрос ReadProcessMemory или WriteProcessMemory был выполнен только частично. (0x12B)
[0217/221343.715:WARNING:pe_image_reader.cc(340)] could not read dos header from C:\Windows\system32\KERNEL32.dll
[0217/221343.716:ERROR:process_memory_win.cc(73)] ReadMemory at 0x7fefd750000 of 64 bytes failed: Запрос ReadProcessMemory или WriteProcessMemory был выполнен только частично. (0x12B)
[0217/221343.716:WARNING:pe_image_reader.cc(340)] could not read dos header from C:\Windows\system32\KERNELBASE.dll
[0217/221343.716:ERROR:process_memory_win.cc(73)] ReadMemory at 0x7feed1a0000 of 64 bytes failed: Запрос ReadProcessMemory или WriteProcessMemory был выполнен только частично. (0x12B)
[0217/221343.716:WARNING:pe_image_reader.cc(340)] could not read dos header from c:\PROGRA~2\google\chrome\APPLIC~1\80.0.3987.106\chrome_elf.dll
[0217/221343.716:ERROR:process_memory_win.cc(73)] ReadMemory at 0x7fefc650000 of 64 bytes failed: Запрос ReadProcessMemory или WriteProcessMemory был выполнен только частично. (0x12B)
[0217/221343.716:WARNING:pe_image_reader.cc(340)] could not read dos header from C:\Windows\system32\VERSION.dll
[0217/221343.716:ERROR:process_memory_win.cc(73)] ReadMemory at 0x7fefe080000 of 64 bytes failed: Запрос ReadProcessMemory или WriteProcessMemory был выполнен только частично. (0x12B)
[0217/221343.716:WARNING:pe_image_reader.cc(340)] could not read dos header from C:\Windows\system32\msvcrt.dll
[0217/221343.716:ERROR:process_memory_win.cc(73)] ReadMemory at 0x7fefeb90000 of 64 bytes failed: Запрос ReadProcessMemory или WriteProcessMemory был выполнен только частично. (0x12B)
[0217/221343.716:WARNING:pe_image_reader.cc(340)] could not read dos header from C:\Windows\system32\SHELL32.dll
[0217/221343.716:ERROR:process_memory_win.cc(73)] ReadMemory at 0x7fefdc00000 of 64 bytes failed: Запрос ReadProcessMemory или WriteProcessMemory был выполнен только частично. (0x12B)
[0217/221343.716:WARNING:pe_image_reader.cc(340)] could not read dos header from C:\Windows\system32\SHLWAPI.dll
[0217/221343.716:ERROR:process_memory_win.cc(73)] ReadMemory at 0x7fefe740000 of 64 bytes failed: Запрос ReadProcessMemory или WriteProcessMemory был выполнен только частично. (0x12B)
[0217/221343.716:WARNING:pe_image_reader.cc(340)] could not read dos header from C:\Windows\system32\GDI32.dll
[0217/221343.716:ERROR:process_memory_win.cc(73)] ReadMemory at 0x773f0000 of 64 bytes failed: Запрос ReadProcessMemory или WriteProcessMemory был выполнен только частично. (0x12B)
[0217/221343.716:WARNING:pe_image_reader.cc(340)] could not read dos header from C:\Windows\system32\USER32.dll
[0217/221343.716:ERROR:process_memory_win.cc(73)] ReadMemory at 0x7fefdb10000 of 64 bytes failed: Запрос ReadProcessMemory или WriteProcessMemory был выполнен только частично. (0x12B)
[0217/221343.716:WARNING:pe_image_reader.cc(340)] could not read dos header from C:\Windows\system32\LPK.dll
[0217/221343.716:ERROR:process_memory_win.cc(73)] ReadMemory at 0x7fefd930000 of 64 bytes failed: Запрос ReadProcessMemory или WriteProcessMemory был выполнен только частично. (0x12B)
[0217/221343.716:WARNING:pe_image_reader.cc(340)] could not read dos header from C:\Windows\system32\USP10.dll
[0217/221343.716:ERROR:process_memory_win.cc(73)] ReadMemory at 0x7fefdae0000 of 64 bytes failed: Запрос ReadProcessMemory или WriteProcessMemory был выполнен только частично. (0x12B)
[0217/221343.716:WARNING:pe_image_reader.cc(340)] could not read dos header from C:\Windows\system32\IMM32.DLL
[0217/221344.016:ERROR:process_memory_win.cc(73)] ReadMemory at 0x7fefdd20000 of 64 bytes failed: Запрос ReadProcessMemory или WriteProcessMemory был выполнен только частично. (0x12B)
[0217/221344.016:WARNING:pe_image_reader.cc(340)] could not read dos header from C:\Windows\system32\MSCTF.dll
[0217/221344.016:ERROR:process_memory_win.cc(73)] ReadMemory at 0x7fefda00000 of 64 bytes failed: Запрос ReadProcessMemory или WriteProcessMemory был выполнен только частично. (0x12B)
[0217/221344.016:WARNING:pe_image_reader.cc(340)] could not read dos header from C:\Windows\system32\ADVAPI32.dll
[0217/221344.016:ERROR:process_memory_win.cc(73)] ReadMemory at 0x7fefdeb0000 of 64 bytes failed: Запрос ReadProcessMemory или WriteProcessMemory был выполнен только частично. (0x12B)
[0217/221344.016:WARNING:pe_image_reader.cc(340)] could not read dos header from C:\Windows\SYSTEM32\sechost.dll
[0217/221344.016:ERROR:process_memory_win.cc(73)] ReadMemory at 0x7fefe1c0000 of 64 bytes failed: Запрос ReadProcessMemory или WriteProcessMemory был выполнен только частично. (0x12B)
[0217/221344.017:WARNING:pe_image_reader.cc(340)] could not read dos header from C:\Windows\system32\RPCRT4.dll
[0217/221344.017:ERROR:process_memory_win.cc(73)] ReadMemory at 0x7fed4da0000 of 64 bytes failed: Запрос ReadProcessMemory или WriteProcessMemory был выполнен только частично. (0x12B)
[0217/221344.017:WARNING:pe_image_reader.cc(340)] could not read dos header from c:\PROGRA~2\google\chrome\APPLIC~1\80.0.3987.106\chrome.dll
[0217/221344.017:ERROR:process_memory_win.cc(73)] ReadMemory at 0x7fefe300000 of 64 bytes failed: Запрос ReadProcessMemory или WriteProcessMemory был выполнен только частично. (0x12B)
[0217/221344.017:WARNING:pe_image_reader.cc(340)] could not read dos header from C:\Windows\system32\WS2_32.dll
[0217/221344.017:ERROR:process_memory_win.cc(73)] ReadMemory at 0x7fefe2f0000 of 64 bytes failed: Запрос ReadProcessMemory или WriteProcessMemory был выполнен только частично. (0x12B)
[0217/221344.017:WARNING:pe_image_reader.cc(340)] could not read dos header from C:\Windows\system32\NSI.dll
[0217/221344.017:ERROR:process_memory_win.cc(73)] ReadMemory at 0x7fefb180000 of 64 bytes failed: Запрос ReadProcessMemory или WriteProcessMemory был выполнен только частично. (0x12B)
[0217/221344.017:WARNING:pe_image_reader.cc(340)] could not read dos header from C:\Windows\system32\IPHLPAPI.DLL
[0217/221344.017:ERROR:process_memory_win.cc(73)] ReadMemory at 0x7fefb170000 of 64 bytes failed: Запрос ReadProcessMemory или WriteProcessMemory был выполнен только частично. (0x12B)
[0217/221344.017:WARNING:pe_image_reader.cc(340)] could not read dos header from C:\Windows\system32\WINNSI.DLL
[0217/221344.017:ERROR:process_memory_win.cc(73)] ReadMemory at 0x7fefdb20000 of 64 bytes failed: Запрос ReadProcessMemory или WriteProcessMemory был выполнен только частично. (0x12B)
[0217/221344.017:WARNING:pe_image_reader.cc(340)] could not read dos header from C:\Windows\system32\OLEAUT32.dll
[0217/221344.017:ERROR:process_memory_win.cc(73)] ReadMemory at 0x7fefe530000 of 64 bytes failed: Запрос ReadProcessMemory или WriteProcessMemory был выполнен только частично. (0x12B)
[0217/221344.017:WARNING:pe_image_reader.cc(340)] could not read dos header from C:\Windows\system32\ole32.dll
[0217/221344.017:ERROR:process_memory_win.cc(73)] ReadMemory at 0x7fefb6c0000 of 64 bytes failed: Запрос ReadProcessMemory или WriteProcessMemory был выполнен только частично. (0x12B)
[0217/221344.017:WARNING:pe_image_reader.cc(340)] could not read dos header from C:\Windows\system32\WINMM.dll
[0217/221344.017:ERROR:process_memory_win.cc(73)] ReadMemory at 0x7fefd360000 of 64 bytes failed: Запрос ReadProcessMemory или WriteProcessMemory был выполнен только частично. (0x12B)
[0217/221344.017:WARNING:pe_image_reader.cc(340)] could not read dos header from C:\Windows\system32\Secur32.dll
[0217/221344.017:ERROR:process_memory_win.cc(73)] ReadMemory at 0x7fefd3b0000 of 64 bytes failed: Запрос ReadProcessMemory или WriteProcessMemory был выполнен только частично. (0x12B)
[0217/221344.022:WARNING:pe_image_reader.cc(340)] could not read dos header from C:\Windows\system32\SSPICLI.DLL
[0217/221344.022:ERROR:process_memory_win.cc(73)] ReadMemory at 0x7fefc8a0000 of 64 bytes failed: Запрос ReadProcessMemory или WriteProcessMemory был выполнен только частично. (0x12B)
[0217/221344.022:WARNING:pe_image_reader.cc(340)] could not read dos header from C:\Windows\system32\USERENV.dll
[0217/221344.022:ERROR:process_memory_win.cc(73)] ReadMemory at 0x7fefd560000 of 64 bytes failed: Запрос ReadProcessMemory или WriteProcessMemory был выполнен только частично. (0x12B)
[0217/221344.022:WARNING:pe_image_reader.cc(340)] could not read dos header from C:\Windows\system32\profapi.dll
[0217/221344.022:ERROR:process_memory_win.cc(73)] ReadMemory at 0x7fefd6b0000 of 64 bytes failed: Запрос ReadProcessMemory или WriteProcessMemory был выполнен только частично. (0x12B)
[0217/221344.022:WARNING:pe_image_reader.cc(340)] could not read dos header from C:\Windows\system32\WINTRUST.dll
[0217/221344.022:ERROR:process_memory_win.cc(73)] ReadMemory at 0x7fefd7c0000 of 64 bytes failed: Запрос ReadProcessMemory или WriteProcessMemory был выполнен только частично. (0x12B)
[0217/221344.022:WARNING:pe_image_reader.cc(340)] could not read dos header from C:\Windows\system32\CRYPT32.dll
[0217/221344.023:ERROR:process_memory_win.cc(73)] ReadMemory at 0x7fefd600000 of 64 bytes failed: Запрос ReadProcessMemory или WriteProcessMemory был выполнен только частично. (0x12B)
[0217/221344.023:WARNING:pe_image_reader.cc(340)] could not read dos header from C:\Windows\system32\MSASN1.dll
[0217/221344.023:ERROR:process_memory_win.cc(73)] ReadMemory at 0x7feef950000 of 64 bytes failed: Запрос ReadProcessMemory или WriteProcessMemory был выполнен только частично. (0x12B)
[0217/221344.023:WARNING:pe_image_reader.cc(340)] could not read dos header from C:\Windows\system32\UIAutomationCore.DLL
[0217/221344.023:ERROR:process_memory_win.cc(73)] ReadMemory at 0x777e0000 of 64 bytes failed: Запрос ReadProcessMemory или WriteProcessMemory был выполнен только частично. (0x12B)
[0217/221344.023:WARNING:pe_image_reader.cc(340)] could not read dos header from C:\Windows\system32\PSAPI.DLL
[0217/221344.023:ERROR:process_memory_win.cc(73)] ReadMemory at 0x7fefa3e0000 of 64 bytes failed: Запрос ReadProcessMemory или WriteProcessMemory был выполнен только частично. (0x12B)
[0217/221344.023:WARNING:pe_image_reader.cc(340)] could not read dos header from C:\Windows\system32\OLEACC.dll
[0217/221344.023:ERROR:process_memory_win.cc(73)] ReadMemory at 0x7feef6b0000 of 64 bytes failed: Запрос ReadProcessMemory или WriteProcessMemory был выполнен только частично. (0x12B)
[0217/221344.023:WARNING:pe_image_reader.cc(340)] could not read dos header from C:\Windows\system32\DWrite.dll
[0217/221344.023:ERROR:process_memory_win.cc(73)] ReadMemory at 0x7fef2840000 of 64 bytes failed: Запрос ReadProcessMemory или WriteProcessMemory был выполнен только частично. (0x12B)
[0217/221344.023:WARNING:pe_image_reader.cc(340)] could not read dos header from C:\Windows\system32\WINSPOOL.DRV
[0217/221344.023:ERROR:process_memory_win.cc(73)] ReadMemory at 0x7fef9410000 of 64 bytes failed: Запрос ReadProcessMemory или WriteProcessMemory был выполнен только частично. (0x12B)
[0217/221344.023:WARNING:pe_image_reader.cc(340)] could not read dos header from C:\Windows\system32\dbghelp.dll
[0217/221344.023:ERROR:process_memory_win.cc(73)] ReadMemory at 0x7fef9720000 of 64 bytes failed: Запрос ReadProcessMemory или WriteProcessMemory был выполнен только частично. (0x12B)
[0217/221344.023:WARNING:pe_image_reader.cc(340)] could not read dos header from C:\Windows\system32\WINHTTP.dll
[0217/221344.023:ERROR:process_memory_win.cc(73)] ReadMemory at 0x7fef96b0000 of 64 bytes failed: Запрос ReadProcessMemory или WriteProcessMemory был выполнен только частично. (0x12B)
[0217/221344.023:WARNING:pe_image_reader.cc(340)] could not read dos header from C:\Windows\system32\webio.dll
[0217/221344.023:ERROR:process_memory_win.cc(73)] ReadMemory at 0x7fefaec0000 of 64 bytes failed: Запрос ReadProcessMemory или WriteProcessMemory был выполнен только частично. (0x12B)
[0217/221344.023:WARNING:pe_image_reader.cc(340)] could not read dos header from C:\Windows\system32\dhcpcsvc.DLL
[0217/221344.023:ERROR:process_memory_win.cc(73)] ReadMemory at 0x7fefd450000 of 64 bytes failed: Запрос ReadProcessMemory или WriteProcessMemory был выполнен только частично. (0x12B)
[0217/221344.023:WARNING:pe_image_reader.cc(340)] could not read dos header from C:\Windows\system32\cryptbase.dll
[0217/221344.023:ERROR:process_memory_win.cc(73)] ReadMemory at 0x13ffa0000 of 64 bytes failed: Запрос ReadProcessMemory или WriteProcessMemory был выполнен только частично. (0x12B)
[0217/221344.023:WARNING:pe_image_reader.cc(340)] could not read dos header from c:\PROGRA~2\google\chrome\APPLIC~1\chrome.exe
[0217/221344.023:ERROR:process_memory_win.cc(73)] ReadMemory at 0x77610000 of 64 bytes failed: Запрос ReadProcessMemory или WriteProcessMemory был выполнен только частично. (0x12B)
[0217/221344.023:WARNING:pe_image_reader.cc(340)] could not read dos header from C:\Windows\SYSTEM32\ntdll.dll
[0217/221344.023:ERROR:process_memory_win.cc(73)] ReadMemory at 0x774f0000 of 64 bytes failed: Запрос ReadProcessMemory или WriteProcessMemory был выполнен только частично. (0x12B)
[0217/221344.023:WARNING:pe_image_reader.cc(340)] could not read dos header from C:\Windows\system32\KERNEL32.dll
[0217/221344.023:ERROR:process_memory_win.cc(73)] ReadMemory at 0x7fefd750000 of 64 bytes failed: Запрос ReadProcessMemory или WriteProcessMemory был выполнен только частично. (0x12B)
[0217/221344.023:WARNING:pe_image_reader.cc(340)] could not read dos header from C:\Windows\system32\KERNELBASE.dll
[0217/221344.023:ERROR:process_memory_win.cc(73)] ReadMemory at 0x7feed1a0000 of 64 bytes failed: Запрос ReadProcessMemory или WriteProcessMemory был выполнен только частично. (0x12B)
[0217/221344.023:WARNING:pe_image_reader.cc(340)] could not read dos header from c:\PROGRA~2\google\chrome\APPLIC~1\80.0.3987.106\chrome_elf.dll
[0217/221344.023:ERROR:process_memory_win.cc(73)] ReadMemory at 0x7fefc650000 of 64 bytes failed: Запрос ReadProcessMemory или WriteProcessMemory был выполнен только частично. (0x12B)
[0217/221344.023:WARNING:pe_image_reader.cc(340)] could not read dos header from C:\Windows\system32\VERSION.dll
[0217/221344.023:ERROR:process_memory_win.cc(73)] ReadMemory at 0x7fefe080000 of 64 bytes failed: Запрос ReadProcessMemory или WriteProcessMemory был выполнен только частично. (0x12B)
[0217/221344.023:WARNING:pe_image_reader.cc(340)] could not read dos header from C:\Windows\system32\msvcrt.dll
[0217/221344.023:ERROR:process_memory_win.cc(73)] ReadMemory at 0x7fefeb90000 of 64 bytes failed: Запрос ReadProcessMemory или WriteProcessMemory был выполнен только частично. (0x12B)
[0217/221344.023:WARNING:pe_image_reader.cc(340)] could not read dos header from C:\Windows\system32\SHELL32.dll
[0217/221344.023:ERROR:process_memory_win.cc(73)] ReadMemory at 0x7fefdc00000 of 64 bytes failed: Запрос ReadProcessMemory или WriteProcessMemory был выполнен только частично. (0x12B)
[0217/221344.024:WARNING:pe_image_reader.cc(340)] could not read dos header from C:\Windows\system32\SHLWAPI.dll
[0217/221344.024:ERROR:process_memory_win.cc(73)] ReadMemory at 0x7fefe740000 of 64 bytes failed: Запрос ReadProcessMemory или WriteProcessMemory был выполнен только частично. (0x12B)
[0217/221344.024:WARNING:pe_image_reader.cc(340)] could not read dos header from C:\Windows\system32\GDI32.dll
[0217/221344.024:ERROR:process_memory_win.cc(73)] ReadMemory at 0x773f0000 of 64 bytes failed: Запрос ReadProcessMemory или WriteProcessMemory был выполнен только частично. (0x12B)
[0217/221344.024:WARNING:pe_image_reader.cc(340)] could not read dos header from C:\Windows\system32\USER32.dll
[0217/221344.024:ERROR:process_memory_win.cc(73)] ReadMemory at 0x7fefdb10000 of 64 bytes failed: Запрос ReadProcessMemory или WriteProcessMemory был выполнен только частично. (0x12B)
[0217/221344.024:WARNING:pe_image_reader.cc(340)] could not read dos header from C:\Windows\system32\LPK.dll
[0217/221344.051:ERROR:process_memory_win.cc(73)] ReadMemory at 0x7fefd930000 of 64 bytes failed: Запрос ReadProcessMemory или WriteProcessMemory был выполнен только частично. (0x12B)
[0217/221344.051:WARNING:pe_image_reader.cc(340)] could not read dos header from C:\Windows\system32\USP10.dll
[0217/221344.051:ERROR:process_memory_win.cc(73)] ReadMemory at 0x7fefdae0000 of 64 bytes failed: Запрос ReadProcessMemory или WriteProcessMemory был выполнен только частично. (0x12B)
[0217/221344.051:WARNING:pe_image_reader.cc(340)] could not read dos header from C:\Windows\system32\IMM32.DLL
[0217/221344.051:ERROR:process_memory_win.cc(73)] ReadMemory at 0x7fefdd20000 of 64 bytes failed: Запрос ReadProcessMemory или WriteProcessMemory был выполнен только частично. (0x12B)
[0217/221344.051:WARNING:pe_image_reader.cc(340)] could not read dos header from C:\Windows\system32\MSCTF.dll
[0217/221344.051:ERROR:process_memory_win.cc(73)] ReadMemory at 0x7fefda00000 of 64 bytes failed: Запрос ReadProcessMemory или WriteProcessMemory был выполнен только частично. (0x12B)
[0217/221344.051:WARNING:pe_image_reader.cc(340)] could not read dos header from C:\Windows\system32\ADVAPI32.dll
[0217/221344.051:ERROR:process_memory_win.cc(73)] ReadMemory at 0x7fefdeb0000 of 64 bytes failed: Запрос ReadProcessMemory или WriteProcessMemory был выполнен только частично. (0x12B)
[0217/221344.051:WARNING:pe_image_reader.cc(340)] could not read dos header from C:\Windows\SYSTEM32\sechost.dll
[0217/221344.051:ERROR:process_memory_win.cc(73)] ReadMemory at 0x7fefe1c0000 of 64 bytes failed: Запрос ReadProcessMemory или WriteProcessMemory был выполнен только частично. (0x12B)
[0217/221344.051:WARNING:pe_image_reader.cc(340)] could not read dos header from C:\Windows\system32\RPCRT4.dll
[0217/221344.051:ERROR:process_memory_win.cc(73)] ReadMemory at 0x7fed4da0000 of 64 bytes failed: Запрос ReadProcessMemory или WriteProcessMemory был выполнен только частично. (0x12B)
[0217/221344.051:WARNING:pe_image_reader.cc(340)] could not read dos header from c:\PROGRA~2\google\chrome\APPLIC~1\80.0.3987.106\chrome.dll
[0217/221344.051:ERROR:process_memory_win.cc(73)] ReadMemory at 0x7fefe300000 of 64 bytes failed: Запрос ReadProcessMemory или WriteProcessMemory был выполнен только частично. (0x12B)
[0217/221344.051:WARNING:pe_image_reader.cc(340)] could not read dos header from C:\Windows\system32\WS2_32.dll
[0217/221344.051:ERROR:process_memory_win.cc(73)] ReadMemory at 0x7fefe2f0000 of 64 bytes failed: Запрос ReadProcessMemory или WriteProcessMemory был выполнен только частично. (0x12B)
[0217/221344.051:WARNING:pe_image_reader.cc(340)] could not read dos header from C:\Windows\system32\NSI.dll
[0217/221344.051:ERROR:process_memory_win.cc(73)] ReadMemory at 0x7fefb180000 of 64 bytes failed: Запрос ReadProcessMemory или WriteProcessMemory был выполнен только частично. (0x12B)
[0217/221344.051:WARNING:pe_image_reader.cc(340)] could not read dos header from C:\Windows\system32\IPHLPAPI.DLL
[0217/221344.051:ERROR:process_memory_win.cc(73)] ReadMemory at 0x7fefb170000 of 64 bytes failed: Запрос ReadProcessMemory или WriteProcessMemory был выполнен только частично. (0x12B)
[0217/221344.051:WARNING:pe_image_reader.cc(340)] could not read dos header from C:\Windows\system32\WINNSI.DLL
[0217/221344.051:ERROR:process_memory_win.cc(73)] ReadMemory at 0x7fefdb20000 of 64 bytes failed: Запрос ReadProcessMemory или WriteProcessMemory был выполнен только частично. (0x12B)
[0217/221344.051:WARNING:pe_image_reader.cc(340)] could not read dos header from C:\Windows\system32\OLEAUT32.dll
[0217/221344.051:ERROR:process_memory_win.cc(73)] ReadMemory at 0x7fefe530000 of 64 bytes failed: Запрос ReadProcessMemory или WriteProcessMemory был выполнен только частично. (0x12B)
[0217/221344.051:WARNING:pe_image_reader.cc(340)] could not read dos header from C:\Windows\system32\ole32.dll
[0217/221344.051:ERROR:process_memory_win.cc(73)] ReadMemory at 0x7fefb6c0000 of 64 bytes failed: Запрос ReadProcessMemory или WriteProcessMemory был выполнен только частично. (0x12B)
[0217/221344.051:WARNING:pe_image_reader.cc(340)] could not read dos header from C:\Windows\system32\WINMM.dll
[0217/221344.051:ERROR:process_memory_win.cc(73)] ReadMemory at 0x7fefd360000 of 64 bytes failed: Запрос ReadProcessMemory или WriteProcessMemory был выполнен только частично. (0x12B)
[0217/221344.051:WARNING:pe_image_reader.cc(340)] could not read dos header from C:\Windows\system32\Secur32.dll
[0217/221344.051:ERROR:process_memory_win.cc(73)] ReadMemory at 0x7fefd3b0000 of 64 bytes failed: Запрос ReadProcessMemory или WriteProcessMemory был выполнен только частично. (0x12B)
[0217/221344.051:WARNING:pe_image_reader.cc(340)] could not read dos header from C:\Windows\system32\SSPICLI.DLL
[0217/221344.051:ERROR:process_memory_win.cc(73)] ReadMemory at 0x7fefc8a0000 of 64 bytes failed: Запрос ReadProcessMemory или WriteProcessMemory был выполнен только частично. (0x12B)
[0217/221344.051:WARNING:pe_image_reader.cc(340)] could not read dos header from C:\Windows\system32\USERENV.dll
[0217/221344.051:ERROR:process_memory_win.cc(73)] ReadMemory at 0x7fefd560000 of 64 bytes failed: Запрос ReadProcessMemory или WriteProcessMemory был выполнен только частично. (0x12B)
[0217/221344.051:WARNING:pe_image_reader.cc(340)] could not read dos header from C:\Windows\system32\profapi.dll
[0217/221344.051:ERROR:process_memory_win.cc(73)] ReadMemory at 0x7fefd6b0000 of 64 bytes failed: Запрос ReadProcessMemory или WriteProcessMemory был выполнен только частично. (0x12B)
[0217/221344.051:WARNING:pe_image_reader.cc(340)] could not read dos header from C:\Windows\system32\WINTRUST.dll
[0217/221344.051:ERROR:process_memory_win.cc(73)] ReadMemory at 0x7fefd7c0000 of 64 bytes failed: Запрос ReadProcessMemory или WriteProcessMemory был выполнен только частично. (0x12B)
[0217/221344.052:WARNING:pe_image_reader.cc(340)] could not read dos header from C:\Windows\system32\CRYPT32.dll
[0217/221344.052:ERROR:process_memory_win.cc(73)] ReadMemory at 0x7fefd600000 of 64 bytes failed: Запрос ReadProcessMemory или WriteProcessMemory был выполнен только частично. (0x12B)
[0217/221344.052:WARNING:pe_image_reader.cc(340)] could not read dos header from C:\Windows\system32\MSASN1.dll
[0217/221344.052:ERROR:process_memory_win.cc(73)] ReadMemory at 0x7feef950000 of 64 bytes failed: Запрос ReadProcessMemory или WriteProcessMemory был выполнен только частично. (0x12B)
[0217/221344.052:WARNING:pe_image_reader.cc(340)] could not read dos header from C:\Windows\system32\UIAutomationCore.DLL
[0217/221344.052:ERROR:process_memory_win.cc(73)] ReadMemory at 0x777e0000 of 64 bytes failed: Запрос ReadProcessMemory или WriteProcessMemory был выполнен только частично. (0x12B)
[0217/221344.052:WARNING:pe_image_reader.cc(340)] could not read dos header from C:\Windows\system32\PSAPI.DLL
[0217/221344.052:ERROR:process_memory_win.cc(73)] ReadMemory at 0x7fefa3e0000 of 64 bytes failed: Запрос ReadProcessMemory или WriteProcessMemory был выполнен только частично. (0x12B)
[0217/221344.052:WARNING:pe_image_reader.cc(340)] could not read dos header from C:\Windows\system32\OLEACC.dll
[0217/221344.052:ERROR:process_memory_win.cc(73)] ReadMemory at 0x7feef6b0000 of 64 bytes failed: Запрос ReadProcessMemory или WriteProcessMemory был выполнен только частично. (0x12B)
[0217/221344.052:WARNING:pe_image_reader.cc(340)] could not read dos header from C:\Windows\system32\DWrite.dll
[0217/221344.052:ERROR:process_memory_win.cc(73)] ReadMemory at 0x7fef2840000 of 64 bytes failed: Запрос ReadProcessMemory или WriteProcessMemory был выполнен только частично. (0x12B)
[0217/221344.052:WARNING:pe_image_reader.cc(340)] could not read dos header from C:\Windows\system32\WINSPOOL.DRV
[0217/221344.052:ERROR:process_memory_win.cc(73)] ReadMemory at 0x7fef9410000 of 64 bytes failed: Запрос ReadProcessMemory или WriteProcessMemory был выполнен только частично. (0x12B)
[0217/221344.052:WARNING:pe_image_reader.cc(340)] could not read dos header from C:\Windows\system32\dbghelp.dll
[0217/221344.052:ERROR:process_memory_win.cc(73)] ReadMemory at 0x7fef9720000 of 64 bytes failed: Запрос ReadProcessMemory или WriteProcessMemory был выполнен только частично. (0x12B)
[0217/221344.052:WARNING:pe_image_reader.cc(340)] could not read dos header from C:\Windows\system32\WINHTTP.dll
[0217/221344.052:ERROR:process_memory_win.cc(73)] ReadMemory at 0x7fef96b0000 of 64 bytes failed: Запрос ReadProcessMemory или WriteProcessMemory был выполнен только частично. (0x12B)
[0217/221344.052:WARNING:pe_image_reader.cc(340)] could not read dos header from C:\Windows\system32\webio.dll
[0217/221344.052:ERROR:process_memory_win.cc(73)] ReadMemory at 0x7fefaec0000 of 64 bytes failed: Запрос ReadProcessMemory или WriteProcessMemory был выполнен только частично. (0x12B)
[0217/221344.052:WARNING:pe_image_reader.cc(340)] could not read dos header from C:\Windows\system32\dhcpcsvc.DLL
[0217/221344.052:ERROR:process_memory_win.cc(73)] ReadMemory at 0x7fefd450000 of 64 bytes failed: Запрос ReadProcessMemory или WriteProcessMemory был выполнен только частично. (0x12B)
[0217/221344.052:WARNING:pe_image_reader.cc(340)] could not read dos header from C:\Windows\system32\cryptbase.dll
[0217/221344.266:ERROR:process_memory_win.cc(73)] ReadMemory at 0x2bcc000 of 16384 bytes failed: Запрос ReadProcessMemory или WriteProcessMemory был выполнен только частично. (0x12B)
[0217/221344.266:ERROR:process_memory_win.cc(73)] ReadMemory at 0xad1320 of 4778 bytes failed: Запрос ReadProcessMemory или WriteProcessMemory был выполнен только частично. (0x12B)
[0217/221344.266:ERROR:process_memory_win.cc(73)] ReadMemory at 0xad25e0 of 1012 bytes failed: Запрос ReadProcessMemory или WriteProcessMemory был выполнен только частично. (0x12B)
[0217/221344.266:ERROR:process_memory_win.cc(73)] ReadMemory at 0xad2be8 of 1010 bytes failed: Запрос ReadProcessMemory или WriteProcessMemory был выполнен только частично. (0x12B)
[0217/221344.266:ERROR:process_memory_win.cc(73)] ReadMemory at 0xad2fdc of 90 bytes failed: Запрос ReadProcessMemory или WriteProcessMemory был выполнен только частично. (0x12B)
[0217/221344.267:ERROR:process_memory_win.cc(73)] ReadMemory at 0xad3038 of 288 bytes failed: Запрос ReadProcessMemory или WriteProcessMemory был выполнен только частично. (0x12B)
[0217/221344.267:ERROR:process_memory_win.cc(73)] ReadMemory at 0xad315a of 90 bytes failed: Запрос ReadProcessMemory или WriteProcessMemory был выполнен только частично. (0x12B)
[0217/221344.267:ERROR:process_memory_win.cc(73)] ReadMemory at 0xad31b6 of 94 bytes failed: Запрос ReadProcessMemory или WriteProcessMemory был выполнен только частично. (0x12B)
[0217/221344.267:ERROR:process_memory_win.cc(73)] ReadMemory at 0xad3220 of 58 bytes failed: Запрос ReadProcessMemory или WriteProcessMemory был выполнен только частично. (0x12B)
[0217/221344.267:ERROR:process_memory_win.cc(73)] ReadMemory at 0xad32b0 of 132 bytes failed: Запрос ReadProcessMemory или WriteProcessMemory был выполнен только частично. (0x12B)
[0217/221344.267:ERROR:process_memory_win.cc(73)] ReadMemory at 0xad33a0 of 132 bytes failed: Запрос ReadProcessMemory или WriteProcessMemory был выполнен только частично. (0x12B)
[0217/221344.267:ERROR:process_memory_win.cc(73)] ReadMemory at 0xad34b8 of 98 bytes failed: Запрос ReadProcessMemory или WriteProcessMemory был выполнен только частично. (0x12B)
[0217/221344.267:ERROR:process_memory_win.cc(73)] ReadMemory at 0xad37a0 of 132 bytes failed: Запрос ReadProcessMemory или WriteProcessMemory был выполнен только частично. (0x12B)
[0217/221344.267:ERROR:process_memory_win.cc(73)] ReadMemory at 0xad3890 of 132 bytes failed: Запрос ReadProcessMemory или WriteProcessMemory был выполнен только частично. (0x12B)
[0217/221344.267:ERROR:process_memory_win.cc(73)] ReadMemory at 0xad3ef0 of 64 bytes failed: Запрос ReadProcessMemory или WriteProcessMemory был выполнен только частично. (0x12B)
[0217/221344.267:ERROR:process_memory_win.cc(73)] ReadMemory at 0xad3f70 of 68 bytes failed: Запрос ReadProcessMemory или WriteProcessMemory был выполнен только частично. (0x12B)
[0217/221344.267:ERROR:process_memory_win.cc(73)] ReadMemory at 0xb14250 of 62 bytes failed: Запрос ReadProcessMemory или WriteProcessMemory был выполнен только частично. (0x12B)
[0217/221344.267:ERROR:process_memory_win.cc(73)] ReadMemory at 0xb142a0 of 60 bytes failed: Запрос ReadProcessMemory или WriteProcessMemory был выполнен только частично. (0x12B)
[0217/221344.267:ERROR:process_memory_win.cc(73)] ReadMemory at 0xb143b0 of 126 bytes failed: Запрос ReadProcessMemory или WriteProcessMemory был выполнен только частично. (0x12B)
[0217/221344.267:ERROR:process_memory_win.cc(73)] ReadMemory at 0xb15050 of 132 bytes failed: Запрос ReadProcessMemory или WriteProcessMemory был выполнен только частично. (0x12B)
[0217/221344.267:ERROR:process_memory_win.cc(73)] ReadMemory at 0xb15220 of 132 bytes failed: Запрос ReadProcessMemory или WriteProcessMemory был выполнен только частично. (0x12B)
[0217/221344.267:ERROR:process_memory_win.cc(73)] ReadMemory at 0xb15310 of 132 bytes failed: Запрос ReadProcessMemory или WriteProcessMemory был выполнен только частично. (0x12B)
[0217/221344.267:ERROR:process_memory_win.cc(73)] ReadMemory at 0xb165b0 of 62 bytes failed: Запрос ReadProcessMemory или WriteProcessMemory был выполнен только частично. (0x12B)
[0217/221344.267:ERROR:process_memory_win.cc(73)] ReadMemory at 0xb16600 of 62 bytes failed: Запрос ReadProcessMemory или WriteProcessMemory был выполнен только частично. (0x12B)
[0217/221344.267:ERROR:process_memory_win.cc(73)] ReadMemory at 0xb16650 of 58 bytes failed: Запрос ReadProcessMemory или WriteProcessMemory был выполнен только частично. (0x12B)
[0217/221344.267:ERROR:process_memory_win.cc(73)] ReadMemory at 0xb166a0 of 60 bytes failed: Запрос ReadProcessMemory или WriteProcessMemory был выполнен только частично. (0x12B)
[0217/221344.268:ERROR:process_memory_win.cc(73)] ReadMemory at 0xb166f0 of 58 bytes failed: Запрос ReadProcessMemory или WriteProcessMemory был выполнен только частично. (0x12B)
[0217/221344.268:ERROR:process_memory_win.cc(73)] ReadMemory at 0xb16740 of 64 bytes failed: Запрос ReadProcessMemory или WriteProcessMemory был выполнен только частично. (0x12B)
[0217/221344.268:ERROR:process_memory_win.cc(73)] ReadMemory at 0xb16790 of 58 bytes failed: Запрос ReadProcessMemory или WriteProcessMemory был выполнен только частично. (0x12B)
[0217/221344.268:ERROR:process_memory_win.cc(73)] ReadMemory at 0xb167e0 of 58 bytes failed: Запрос ReadProcessMemory или WriteProcessMemory был выполнен только частично. (0x12B)
[0217/221344.268:ERROR:process_memory_win.cc(73)] ReadMemory at 0xb16830 of 62 bytes failed: Запрос ReadProcessMemory или WriteProcessMemory был выполнен только частично. (0x12B)
[0217/221344.268:ERROR:process_memory_win.cc(73)] ReadMemory at 0xb16880 of 60 bytes failed: Запрос ReadProcessMemory или WriteProcessMemory был выполнен только частично. (0x12B)
[0217/221344.268:ERROR:process_memory_win.cc(73)] ReadMemory at 0xb168d0 of 60 bytes failed: Запрос ReadProcessMemory или WriteProcessMemory был выполнен только частично. (0x12B)
[0217/221344.268:ERROR:process_memory_win.cc(73)] ReadMemory at 0xb16920 of 64 bytes failed: Запрос ReadProcessMemory или WriteProcessMemory был выполнен только частично. (0x12B)
[0217/221344.268:ERROR:process_memory_win.cc(73)] ReadMemory at 0xb16970 of 60 bytes failed: Запрос ReadProcessMemory или WriteProcessMemory был выполнен только частично. (0x12B)
[0217/221344.268:ERROR:process_memory_win.cc(73)] ReadMemory at 0xb169c0 of 64 bytes failed: Запрос ReadProcessMemory или WriteProcessMemory был выполнен только частично. (0x12B)
[0217/221344.268:ERROR:process_memory_win.cc(73)] ReadMemory at 0xb16a10 of 58 bytes failed: Запрос ReadProcessMemory или WriteProcessMemory был выполнен только частично. (0x12B)
[0217/221344.268:ERROR:process_memory_win.cc(73)] ReadMemory at 0xb16a60 of 58 bytes failed: Запрос ReadProcessMemory или WriteProcessMemory был выполнен только частично. (0x12B)
[0217/221344.268:ERROR:process_memory_win.cc(73)] ReadMemory at 0xb16ab0 of 62 bytes failed: Запрос ReadProcessMemory или WriteProcessMemory был выполнен только частично. (0x12B)
[0217/221344.268:ERROR:process_memory_win.cc(73)] ReadMemory at 0xb16b00 of 62 bytes failed: Запрос ReadProcessMemory или WriteProcessMemory был выполнен только частично. (0x12B)
[0217/221344.298:ERROR:process_memory_win.cc(73)] ReadMemory at 0xb16b50 of 62 bytes failed: Запрос ReadProcessMemory или WriteProcessMemory был выполнен только частично. (0x12B)
[0217/221344.298:ERROR:process_memory_win.cc(73)] ReadMemory at 0xb16ba0 of 62 bytes failed: Запрос ReadProcessMemory или WriteProcessMemory был выполнен только частично. (0x12B)
[0217/221344.298:ERROR:process_memory_win.cc(73)] ReadMemory at 0xb16bf0 of 64 bytes failed: Запрос ReadProcessMemory или WriteProcessMemory был выполнен только частично. (0x12B)
[0217/221344.298:ERROR:process_memory_win.cc(73)] ReadMemory at 0xb16c40 of 62 bytes failed: Запрос ReadProcessMemory или WriteProcessMemory был выполнен только частично. (0x12B)
[0217/221344.298:ERROR:process_memory_win.cc(73)] ReadMemory at 0xb16c90 of 60 bytes failed: Запрос ReadProcessMemory или WriteProcessMemory был выполнен только частично. (0x12B)
[0217/221344.298:ERROR:process_memory_win.cc(73)] ReadMemory at 0xb16ce0 of 58 bytes failed: Запрос ReadProcessMemory или WriteProcessMemory был выполнен только частично. (0x12B)
[0217/221344.298:ERROR:process_memory_win.cc(73)] ReadMemory at 0xb16d30 of 60 bytes failed: Запрос ReadProcessMemory или WriteProcessMemory был выполнен только частично. (0x12B)
[0217/221344.298:ERROR:process_memory_win.cc(73)] ReadMemory at 0xb16d80 of 60 bytes failed: Запрос ReadProcessMemory или WriteProcessMemory был выполнен только частично. (0x12B)
[0217/221344.298:ERROR:process_memory_win.cc(73)] ReadMemory at 0xb16dd0 of 64 bytes failed: Запрос ReadProcessMemory или WriteProcessMemory был выполнен только частично. (0x12B)
[0217/221344.298:ERROR:process_memory_win.cc(73)] ReadMemory at 0xb16e20 of 62 bytes failed: Запрос ReadProcessMemory или WriteProcessMemory был выполнен только частично. (0x12B)
[0217/221344.298:ERROR:process_memory_win.cc(73)] ReadMemory at 0xb16e70 of 62 bytes failed: Запрос ReadProcessMemory или WriteProcessMemory был выполнен только частично. (0x12B)
[0217/221344.298:ERROR:process_memory_win.cc(73)] ReadMemory at 0xb16ec0 of 58 bytes failed: Запрос ReadProcessMemory или WriteProcessMemory был выполнен только частично. (0x12B)
[0217/221344.298:ERROR:process_memory_win.cc(73)] ReadMemory at 0xb16f10 of 64 bytes failed: Запрос ReadProcessMemory или WriteProcessMemory был выполнен только частично. (0x12B)
[0217/221344.298:ERROR:process_memory_win.cc(73)] ReadMemory at 0xb1a650 of 54 bytes failed: Запрос ReadProcessMemory или WriteProcessMemory был выполнен только частично. (0x12B)
[0217/221344.298:ERROR:process_memory_win.cc(73)] ReadMemory at 0xb1b5e0 of 132 bytes failed: Запрос ReadProcessMemory или WriteProcessMemory был выполнен только частично. (0x12B)
[0217/221344.298:ERROR:process_memory_win.cc(73)] ReadMemory at 0xb1b6d0 of 132 bytes failed: Запрос ReadProcessMemory или WriteProcessMemory был выполнен только частично. (0x12B)
[0217/221344.298:ERROR:process_memory_win.cc(73)] ReadMemory at 0xb1b7c0 of 132 bytes failed: Запрос ReadProcessMemory или WriteProcessMemory был выполнен только частично. (0x12B)
[0217/221344.299:ERROR:process_memory_win.cc(73)] ReadMemory at 0xb1b8b0 of 132 bytes failed: Запрос ReadProcessMemory или WriteProcessMemory был выполнен только частично. (0x12B)
[0217/221344.299:ERROR:process_memory_win.cc(73)] ReadMemory at 0xb1b9a0 of 132 bytes failed: Запрос ReadProcessMemory или WriteProcessMemory был выполнен только частично. (0x12B)
[0217/221344.299:ERROR:process_memory_win.cc(73)] ReadMemory at 0xb1ba90 of 132 bytes failed: Запрос ReadProcessMemory или WriteProcessMemory был выполнен только частично. (0x12B)
[0217/221344.299:ERROR:process_memory_win.cc(73)] ReadMemory at 0xb1c380 of 132 bytes failed: Запрос ReadProcessMemory или WriteProcessMemory был выполнен только частично. (0x12B)
[0217/221344.299:ERROR:process_memory_win.cc(73)] ReadMemory at 0xb1c5b0 of 132 bytes failed: Запрос ReadProcessMemory или WriteProcessMemory был выполнен только частично. (0x12B)
[0217/221344.299:ERROR:process_memory_win.cc(73)] ReadMemory at 0xb1e080 of 132 bytes failed: Запрос ReadProcessMemory или WriteProcessMemory был выполнен только частично. (0x12B)
[0217/221344.299:ERROR:process_memory_win.cc(73)] ReadMemory at 0xb1e170 of 132 bytes failed: Запрос ReadProcessMemory или WriteProcessMemory был выполнен только частично. (0x12B)
[0217/221344.299:ERROR:process_memory_win.cc(73)] ReadMemory at 0xb1e260 of 624 bytes failed: Запрос ReadProcessMemory или WriteProcessMemory был выполнен только частично. (0x12B)
[0217/221344.299:ERROR:process_memory_win.cc(73)] ReadMemory at 0xb1e530 of 132 bytes failed: Запрос ReadProcessMemory или WriteProcessMemory был выполнен только частично. (0x12B)
[0217/221344.299:ERROR:process_memory_win.cc(73)] ReadMemory at 0xb1e620 of 132 bytes failed: Запрос ReadProcessMemory или WriteProcessMemory был выполнен только частично. (0x12B)
[0217/221344.299:ERROR:process_memory_win.cc(73)] ReadMemory at 0xb1e710 of 132 bytes failed: Запрос ReadProcessMemory или WriteProcessMemory был выполнен только частично. (0x12B)
[0217/221344.299:ERROR:process_memory_win.cc(73)] ReadMemory at 0xb1e800 of 132 bytes failed: Запрос ReadProcessMemory или WriteProcessMemory был выполнен только частично. (0x12B)
[0217/221344.299:ERROR:process_memory_win.cc(73)] ReadMemory at 0xb1e8f0 of 132 bytes failed: Запрос ReadProcessMemory или WriteProcessMemory был выполнен только частично. (0x12B)
[0217/221344.299:ERROR:process_memory_win.cc(73)] ReadMemory at 0xb1e9e0 of 132 bytes failed: Запрос ReadProcessMemory или WriteProcessMemory был выполнен только частично. (0x12B)
[0217/221344.299:ERROR:process_memory_win.cc(73)] ReadMemory at 0xb1ead0 of 132 bytes failed: Запрос ReadProcessMemory или WriteProcessMemory был выполнен только частично. (0x12B)
[0217/221344.299:ERROR:process_memory_win.cc(73)] ReadMemory at 0xb1ebc0 of 132 bytes failed: Запрос ReadProcessMemory или WriteProcessMemory был выполнен только частично. (0x12B)
[0217/221344.299:ERROR:process_memory_win.cc(73)] ReadMemory at 0xb1ecb0 of 132 bytes failed: Запрос ReadProcessMemory или WriteProcessMemory был выполнен только частично. (0x12B)
[0217/221344.299:ERROR:process_memory_win.cc(73)] ReadMemory at 0xb1eda0 of 132 bytes failed: Запрос ReadProcessMemory или WriteProcessMemory был выполнен только частично. (0x12B)
[0217/221344.299:ERROR:process_memory_win.cc(73)] ReadMemory at 0xb1ee90 of 132 bytes failed: Запрос ReadProcessMemory или WriteProcessMemory был выполнен только частично. (0x12B)
[0217/221344.299:ERROR:process_memory_win.cc(73)] ReadMemory at 0xb1ef80 of 132 bytes failed: Запрос ReadProcessMemory или WriteProcessMemory был выполнен только частично. (0x12B)
[0217/221344.299:ERROR:process_memory_win.cc(73)] ReadMemory at 0xb1f070 of 132 bytes failed: Запрос ReadProcessMemory или WriteProcessMemory был выполнен только частично. (0x12B)
[0217/221344.299:ERROR:process_memory_win.cc(73)] ReadMemory at 0xb1f160 of 132 bytes failed: Запрос ReadProcessMemory или WriteProcessMemory был выполнен только частично. (0x12B)
[0217/221344.300:ERROR:process_memory_win.cc(73)] ReadMemory at 0xb1f250 of 132 bytes failed: Запрос ReadProcessMemory или WriteProcessMemory был выполнен только частично. (0x12B)
[0217/221344.300:ERROR:process_memory_win.cc(73)] ReadMemory at 0xb1f340 of 132 bytes failed: Запрос ReadProcessMemory или WriteProcessMemory был выполнен только частично. (0x12B)
[0217/221344.300:ERROR:process_memory_win.cc(73)] ReadMemory at 0xb1f430 of 132 bytes failed: Запрос ReadProcessMemory или WriteProcessMemory был выполнен только частично. (0x12B)
[0217/221344.300:ERROR:process_memory_win.cc(73)] ReadMemory at 0xb1f520 of 132 bytes failed: Запрос ReadProcessMemory или WriteProcessMemory был выполнен только частично. (0x12B)
[0217/221344.300:ERROR:process_memory_win.cc(73)] ReadMemory at 0xb1f610 of 132 bytes failed: Запрос ReadProcessMemory или WriteProcessMemory был выполнен только частично. (0x12B)
[0217/221344.300:ERROR:process_memory_win.cc(73)] ReadMemory at 0xb1f700 of 132 bytes failed: Запрос ReadProcessMemory или WriteProcessMemory был выполнен только частично. (0x12B)
[0217/221344.300:ERROR:process_memory_win.cc(73)] ReadMemory at 0xb1f7f0 of 132 bytes failed: Запрос ReadProcessMemory или WriteProcessMemory был выполнен только частично. (0x12B)
[0217/221344.300:ERROR:process_memory_win.cc(73)] ReadMemory at 0xb1f8e0 of 132 bytes failed: Запрос ReadProcessMemory или WriteProcessMemory был выполнен только частично. (0x12B)
[0217/221344.300:ERROR:process_memory_win.cc(73)] ReadMemory at 0xb20c50 of 54 bytes failed: Запрос ReadProcessMemory или WriteProcessMemory был выполнен только частично. (0x12B)
[0217/221344.300:ERROR:process_memory_win.cc(73)] ReadMemory at 0xb22140 of 118 bytes failed: Запрос ReadProcessMemory или WriteProcessMemory был выполнен только частично. (0x12B)
[0217/221344.300:ERROR:process_memory_win.cc(73)] ReadMemory at 0xb234a0 of 80 bytes failed: Запрос ReadProcessMemory или WriteProcessMemory был выполнен только частично. (0x12B)
[0217/221344.300:ERROR:process_memory_win.cc(73)] ReadMemory at 0x775fb2a8 of 512 bytes failed: Запрос ReadProcessMemory или WriteProcessMemory был выполнен только частично. (0x12B)
[0217/221344.300:ERROR:process_memory_win.cc(73)] ReadMemory at 0x776614ca of 784 bytes failed: Запрос ReadProcessMemory или WriteProcessMemory был выполнен только частично. (0x12B)
[0217/221344.300:ERROR:process_memory_win.cc(73)] ReadMemory at 0x777253f8 of 18 bytes failed: Запрос ReadProcessMemory или WriteProcessMemory был выполнен только частично. (0x12B)
[0217/221344.300:ERROR:process_memory_win.cc(73)] ReadMemory at 0x77742640 of 64 bytes failed: Запрос ReadProcessMemory или WriteProcessMemory был выполнен только частично. (0x12B)
[0217/221344.301:ERROR:process_memory_win.cc(73)] ReadMemory at 0x77747100 of 48 bytes failed: Запрос ReadProcessMemory или WriteProcessMemory был выполнен только частично. (0x12B)
[0217/221344.301:ERROR:process_memory_win.cc(73)] ReadMemory at 0x77747490 of 40 bytes failed: Запрос ReadProcessMemory или WriteProcessMemory был выполнен только частично. (0x12B)
[0217/221344.301:ERROR:process_memory_win.cc(73)] ReadMemory at 0x7fed4da0000 of 384 bytes failed: Запрос ReadProcessMemory или WriteProcessMemory был выполнен только частично. (0x12B)
[0217/221344.301:ERROR:process_memory_win.cc(73)] ReadMemory at 0x7fed54cdee8 of 512 bytes failed: Запрос ReadProcessMemory или WriteProcessMemory был выполнен только частично. (0x12B)
[0217/221344.301:ERROR:process_memory_win.cc(73)] ReadMemory at 0x7fedc19f430 of 512 bytes failed: Запрос ReadProcessMemory или WriteProcessMemory был выполнен только частично. (0x12B)
[0217/221344.301:ERROR:process_memory_win.cc(73)] ReadMemory at 0x7feed1cba6e of 512 bytes failed: Запрос ReadProcessMemory или WriteProcessMemory был выполнен только частично. (0x12B)
[0217/221344.301:ERROR:process_memory_win.cc(73)] ReadMemory at 0x7fffffd9f80 of 980 bytes failed: Запрос ReadProcessMemory или WriteProcessMemory был выполнен только частично. (0x12B)
[0217/221344.301:ERROR:process_memory_win.cc(73)] ReadMemory at 0x7fffffdc000 of 6024 bytes failed: Запрос ReadProcessMemory или WriteProcessMemory был выполнен только частично. (0x12B)
[0217/221344.310:ERROR:scoped_process_suspend.cc(40)] NtResumeProcess: Попытка доступа к процессу, выполняющему процедуру завершения. (0xc000010a)
[0223/180846.857:ERROR:process_reader_win.cc(151)] SuspendThread: Отказано в доступе. (0x5)
[0223/180912.171:ERROR:process_memory_win.cc(73)] ReadMemory at 0xdc380 of 132 bytes failed: Запрос ReadProcessMemory или WriteProcessMemory был выполнен только частично. (0x12B)
[0223/180912.171:ERROR:process_memory_win.cc(73)] ReadMemory at 0x925e0 of 1012 bytes failed: Запрос ReadProcessMemory или WriteProcessMemory был выполнен только частично. (0x12B)
[0223/180912.171:ERROR:process_snapshot_win.cc(420)] ReadMemory RTL_USER_PROCESS_PARAMETERS
[0223/180912.221:ERROR:process_memory_win.cc(73)] ReadMemory at 0x13f060000 of 64 bytes failed: Запрос ReadProcessMemory или WriteProcessMemory был выполнен только частично. (0x12B)
[0223/180912.221:WARNING:pe_image_reader.cc(340)] could not read dos header from c:\PROGRA~2\google\chrome\APPLIC~1\chrome.exe
[0223/180912.221:ERROR:process_memory_win.cc(73)] ReadMemory at 0x77310000 of 64 bytes failed: Запрос ReadProcessMemory или WriteProcessMemory был выполнен только частично. (0x12B)
[0223/180912.242:WARNING:pe_image_reader.cc(340)] could not read dos header from C:\Windows\SYSTEM32\ntdll.dll
[0223/180912.242:ERROR:process_memory_win.cc(73)] ReadMemory at 0x771f0000 of 64 bytes failed: Запрос ReadProcessMemory или WriteProcessMemory был выполнен только частично. (0x12B)
[0223/180912.242:WARNING:pe_image_reader.cc(340)] could not read dos header from C:\Windows\system32\KERNEL32.dll
[0223/180912.242:ERROR:process_memory_win.cc(73)] ReadMemory at 0x7fefd330000 of 64 bytes failed: Запрос ReadProcessMemory или WriteProcessMemory был выполнен только частично. (0x12B)
[0223/180912.242:WARNING:pe_image_reader.cc(340)] could not read dos header from C:\Windows\system32\KERNELBASE.dll
[0223/180912.242:ERROR:process_memory_win.cc(73)] ReadMemory at 0x7fee5900000 of 64 bytes failed: Запрос ReadProcessMemory или WriteProcessMemory был выполнен только частично. (0x12B)
[0223/180912.242:WARNING:pe_image_reader.cc(340)] could not read dos header from c:\PROGRA~2\google\chrome\APPLIC~1\80.0.3987.116\chrome_elf.dll
[0223/180912.242:ERROR:process_memory_win.cc(73)] ReadMemory at 0x7fefc350000 of 64 bytes failed: Запрос ReadProcessMemory или WriteProcessMemory был выполнен только частично. (0x12B)
[0223/180912.242:WARNING:pe_image_reader.cc(340)] could not read dos header from C:\Windows\system32\VERSION.dll
[0223/180912.242:ERROR:process_memory_win.cc(73)] ReadMemory at 0x7fefda80000 of 64 bytes failed: Запрос ReadProcessMemory или WriteProcessMemory был выполнен только частично. (0x12B)
[0223/180912.242:WARNING:pe_image_reader.cc(340)] could not read dos header from C:\Windows\system32\msvcrt.dll
[0223/180912.242:ERROR:process_memory_win.cc(73)] ReadMemory at 0x7fefe1e0000 of 64 bytes failed: Запрос ReadProcessMemory или WriteProcessMemory был выполнен только частично. (0x12B)
[0223/180912.242:WARNING:pe_image_reader.cc(340)] could not read dos header from C:\Windows\system32\SHELL32.dll
[0223/180912.242:ERROR:process_memory_win.cc(73)] ReadMemory at 0x7fefdb20000 of 64 bytes failed: Запрос ReadProcessMemory или WriteProcessMemory был выполнен только частично. (0x12B)
[0223/180912.242:WARNING:pe_image_reader.cc(340)] could not read dos header from C:\Windows\system32\SHLWAPI.dll
[0223/180912.242:ERROR:process_memory_win.cc(73)] ReadMemory at 0x7fefda10000 of 64 bytes failed: Запрос ReadProcessMemory или WriteProcessMemory был выполнен только частично. (0x12B)
[0223/180912.242:WARNING:pe_image_reader.cc(340)] could not read dos header from C:\Windows\system32\GDI32.dll
[0223/180912.242:ERROR:process_memory_win.cc(73)] ReadMemory at 0x770f0000 of 64 bytes failed: Запрос ReadProcessMemory или WriteProcessMemory был выполнен только частично. (0x12B)
[0223/180912.242:WARNING:pe_image_reader.cc(340)] could not read dos header from C:\Windows\system32\USER32.dll
[0223/180912.243:ERROR:process_memory_win.cc(73)] ReadMemory at 0x7fefd6b0000 of 64 bytes failed: Запрос ReadProcessMemory или WriteProcessMemory был выполнен только частично. (0x12B)
[0223/180912.243:WARNING:pe_image_reader.cc(340)] could not read dos header from C:\Windows\system32\LPK.dll
[0223/180912.243:ERROR:process_memory_win.cc(73)] ReadMemory at 0x7feff180000 of 64 bytes failed: Запрос ReadProcessMemory или WriteProcessMemory был выполнен только частично. (0x12B)
[0223/180912.243:WARNING:pe_image_reader.cc(340)] could not read dos header from C:\Windows\system32\USP10.dll
[0223/180912.243:ERROR:process_memory_win.cc(73)] ReadMemory at 0x7fefdff0000 of 64 bytes failed: Запрос ReadProcessMemory или WriteProcessMemory был выполнен только частично. (0x12B)
[0223/180912.243:WARNING:pe_image_reader.cc(340)] could not read dos header from C:\Windows\system32\IMM32.DLL
[0223/180912.243:ERROR:process_memory_win.cc(73)] ReadMemory at 0x7fefdbb0000 of 64 bytes failed: Запрос ReadProcessMemory или WriteProcessMemory был выполнен только частично. (0x12B)
[0223/180912.243:WARNING:pe_image_reader.cc(340)] could not read dos header from C:\Windows\system32\MSCTF.dll
[0223/180912.243:ERROR:process_memory_win.cc(73)] ReadMemory at 0x7fefe020000 of 64 bytes failed: Запрос ReadProcessMemory или WriteProcessMemory был выполнен только частично. (0x12B)
[0223/180912.243:WARNING:pe_image_reader.cc(340)] could not read dos header from C:\Windows\system32\ADVAPI32.dll
[0223/180912.243:ERROR:process_memory_win.cc(73)] ReadMemory at 0x7feff4d0000 of 64 bytes failed: Запрос ReadProcessMemory или WriteProcessMemory был выполнен только частично. (0x12B)
[0223/180912.243:WARNING:pe_image_reader.cc(340)] could not read dos header from C:\Windows\SYSTEM32\sechost.dll
[0223/180912.243:ERROR:process_memory_win.cc(73)] ReadMemory at 0x7fefd8e0000 of 64 bytes failed: Запрос ReadProcessMemory или WriteProcessMemory был выполнен только частично. (0x12B)
[0223/180912.243:WARNING:pe_image_reader.cc(340)] could not read dos header from C:\Windows\system32\RPCRT4.dll
[0223/180912.243:ERROR:process_memory_win.cc(73)] ReadMemory at 0x7fed2710000 of 64 bytes failed: Запрос ReadProcessMemory или WriteProcessMemory был выполнен только частично. (0x12B)
[0223/180912.243:WARNING:pe_image_reader.cc(340)] could not read dos header from c:\PROGRA~2\google\chrome\APPLIC~1\80.0.3987.116\chrome.dll
[0223/180912.243:ERROR:process_memory_win.cc(73)] ReadMemory at 0x7fefdfa0000 of 64 bytes failed: Запрос ReadProcessMemory или WriteProcessMemory был выполнен только частично. (0x12B)
[0223/180912.243:WARNING:pe_image_reader.cc(340)] could not read dos header from C:\Windows\system32\WS2_32.dll
[0223/180912.243:ERROR:process_memory_win.cc(73)] ReadMemory at 0x7fefdba0000 of 64 bytes failed: Запрос ReadProcessMemory или WriteProcessMemory был выполнен только частично. (0x12B)
[0223/180912.243:WARNING:pe_image_reader.cc(340)] could not read dos header from C:\Windows\system32\NSI.dll
[0223/180912.243:ERROR:process_memory_win.cc(73)] ReadMemory at 0x7fefae10000 of 64 bytes failed: Запрос ReadProcessMemory или WriteProcessMemory был выполнен только частично. (0x12B)
[0223/180912.243:WARNING:pe_image_reader.cc(340)] could not read dos header from C:\Windows\system32\IPHLPAPI.DLL
[0223/180912.243:ERROR:process_memory_win.cc(73)] ReadMemory at 0x7fefaf50000 of 64 bytes failed: Запрос ReadProcessMemory или WriteProcessMemory был выполнен только частично. (0x12B)
[0223/180912.243:WARNING:pe_image_reader.cc(340)] could not read dos header from C:\Windows\system32\WINNSI.DLL
[0223/180912.243:ERROR:process_memory_win.cc(73)] ReadMemory at 0x7fefe100000 of 64 bytes failed: Запрос ReadProcessMemory или WriteProcessMemory был выполнен только частично. (0x12B)
[0223/180912.243:WARNING:pe_image_reader.cc(340)] could not read dos header from C:\Windows\system32\OLEAUT32.dll
[0223/180912.243:ERROR:process_memory_win.cc(73)] ReadMemory at 0x7fefef70000 of 64 bytes failed: Запрос ReadProcessMemory или WriteProcessMemory был выполнен только частично. (0x12B)
[0223/180912.243:WARNING:pe_image_reader.cc(340)] could not read dos header from C:\Windows\system32\ole32.dll
[0223/180912.243:ERROR:process_memory_win.cc(73)] ReadMemory at 0x7fefaf10000 of 64 bytes failed: Запрос ReadProcessMemory или WriteProcessMemory был выполнен только частично. (0x12B)
[0223/180912.243:WARNING:pe_image_reader.cc(340)] could not read dos header from C:\Windows\system32\WINMM.dll
[0223/180912.243:ERROR:process_memory_win.cc(73)] ReadMemory at 0x7fefd060000 of 64 bytes failed: Запрос ReadProcessMemory или WriteProcessMemory был выполнен только частично. (0x12B)
[0223/180912.243:WARNING:pe_image_reader.cc(340)] could not read dos header from C:\Windows\system32\Secur32.dll
[0223/180912.243:ERROR:process_memory_win.cc(73)] ReadMemory at 0x7fefd0b0000 of 64 bytes failed: Запрос ReadProcessMemory или WriteProcessMemory был выполнен только частично. (0x12B)
[0223/180912.243:WARNING:pe_image_reader.cc(340)] could not read dos header from C:\Windows\system32\SSPICLI.DLL
[0223/180912.243:ERROR:process_memory_win.cc(73)] ReadMemory at 0x7fefc5a0000 of 64 bytes failed: Запрос ReadProcessMemory или WriteProcessMemory был выполнен только частично. (0x12B)
[0223/180912.243:WARNING:pe_image_reader.cc(340)] could not read dos header from C:\Windows\system32\USERENV.dll
[0223/180912.243:ERROR:process_memory_win.cc(73)] ReadMemory at 0x7fefd260000 of 64 bytes failed: Запрос ReadProcessMemory или WriteProcessMemory был выполнен только частично. (0x12B)
[0223/180912.243:WARNING:pe_image_reader.cc(340)] could not read dos header from C:\Windows\system32\profapi.dll
[0223/180912.243:ERROR:process_memory_win.cc(73)] ReadMemory at 0x7fefd550000 of 64 bytes failed: Запрос ReadProcessMemory или WriteProcessMemory был выполнен только частично. (0x12B)
[0223/180912.243:WARNING:pe_image_reader.cc(340)] could not read dos header from C:\Windows\system32\WINTRUST.dll
[0223/180912.244:ERROR:process_memory_win.cc(73)] ReadMemory at 0x7fefd3e0000 of 64 bytes failed: Запрос ReadProcessMemory или WriteProcessMemory был выполнен только частично. (0x12B)
[0223/180912.244:WARNING:pe_image_reader.cc(340)] could not read dos header from C:\Windows\system32\CRYPT32.dll
[0223/180912.244:ERROR:process_memory_win.cc(73)] ReadMemory at 0x7fefd300000 of 64 bytes failed: Запрос ReadProcessMemory или WriteProcessMemory был выполнен только частично. (0x12B)
[0223/180912.244:WARNING:pe_image_reader.cc(340)] could not read dos header from C:\Windows\system32\MSASN1.dll
[0223/180912.244:ERROR:process_memory_win.cc(73)] ReadMemory at 0x7fee5840000 of 64 bytes failed: Запрос ReadProcessMemory или WriteProcessMemory был выполнен только частично. (0x12B)
[0223/180912.244:WARNING:pe_image_reader.cc(340)] could not read dos header from C:\Windows\system32\UIAutomationCore.DLL
[0223/180912.244:ERROR:process_memory_win.cc(73)] ReadMemory at 0x774e0000 of 64 bytes failed: Запрос ReadProcessMemory или WriteProcessMemory был выполнен только частично. (0x12B)
[0223/180912.244:WARNING:pe_image_reader.cc(340)] could not read dos header from C:\Windows\system32\PSAPI.DLL
[0223/180912.244:ERROR:process_memory_win.cc(73)] ReadMemory at 0x7fee9490000 of 64 bytes failed: Запрос ReadProcessMemory или WriteProcessMemory был выполнен только частично. (0x12B)
[0223/180912.244:WARNING:pe_image_reader.cc(340)] could not read dos header from C:\Windows\system32\OLEACC.dll
[0223/180912.244:ERROR:process_memory_win.cc(73)] ReadMemory at 0x7fee8340000 of 64 bytes failed: Запрос ReadProcessMemory или WriteProcessMemory был выполнен только частично. (0x12B)
[0223/180912.244:WARNING:pe_image_reader.cc(340)] could not read dos header from C:\Windows\system32\DWrite.dll
[0223/180912.244:ERROR:process_memory_win.cc(73)] ReadMemory at 0x7fef0510000 of 64 bytes failed: Запрос ReadProcessMemory или WriteProcessMemory был выполнен только частично. (0x12B)
[0223/180912.244:WARNING:pe_image_reader.cc(340)] could not read dos header from C:\Windows\system32\WINSPOOL.DRV
[0223/180912.244:ERROR:process_memory_win.cc(73)] ReadMemory at 0x7fef9110000 of 64 bytes failed: Запрос ReadProcessMemory или WriteProcessMemory был выполнен только частично. (0x12B)
[0223/180912.244:WARNING:pe_image_reader.cc(340)] could not read dos header from C:\Windows\system32\dbghelp.dll
[0223/180912.244:ERROR:process_memory_win.cc(73)] ReadMemory at 0x7fef9420000 of 64 bytes failed: Запрос ReadProcessMemory или WriteProcessMemory был выполнен только частично. (0x12B)
[0223/180912.244:WARNING:pe_image_reader.cc(340)] could not read dos header from C:\Windows\system32\WINHTTP.dll
[0223/180912.244:ERROR:process_memory_win.cc(73)] ReadMemory at 0x7fef93b0000 of 64 bytes failed: Запрос ReadProcessMemory или WriteProcessMemory был выполнен только частично. (0x12B)
[0223/180912.244:WARNING:pe_image_reader.cc(340)] could not read dos header from C:\Windows\system32\webio.dll
[0223/180912.244:ERROR:process_memory_win.cc(73)] ReadMemory at 0x7fefabc0000 of 64 bytes failed: Запрос ReadProcessMemory или WriteProcessMemory был выполнен только частично. (0x12B)
[0223/180912.244:WARNING:pe_image_reader.cc(340)] could not read dos header from C:\Windows\system32\dhcpcsvc.DLL
[0223/180912.244:ERROR:process_memory_win.cc(73)] ReadMemory at 0x7fefd150000 of 64 bytes failed: Запрос ReadProcessMemory или WriteProcessMemory был выполнен только частично. (0x12B)
[0223/180912.359:WARNING:pe_image_reader.cc(340)] could not read dos header from C:\Windows\system32\cryptbase.dll
[0223/180912.359:ERROR:process_memory_win.cc(73)] ReadMemory at 0x13f060000 of 64 bytes failed: Запрос ReadProcessMemory или WriteProcessMemory был выполнен только частично. (0x12B)
[0223/180912.359:WARNING:pe_image_reader.cc(340)] could not read dos header from c:\PROGRA~2\google\chrome\APPLIC~1\chrome.exe
[0223/180912.359:ERROR:process_memory_win.cc(73)] ReadMemory at 0x77310000 of 64 bytes failed: Запрос ReadProcessMemory или WriteProcessMemory был выполнен только частично. (0x12B)
[0223/180912.359:WARNING:pe_image_reader.cc(340)] could not read dos header from C:\Windows\SYSTEM32\ntdll.dll
[0223/180912.359:ERROR:process_memory_win.cc(73)] ReadMemory at 0x771f0000 of 64 bytes failed: Запрос ReadProcessMemory или WriteProcessMemory был выполнен только частично. (0x12B)
[0223/180912.359:WARNING:pe_image_reader.cc(340)] could not read dos header from C:\Windows\system32\KERNEL32.dll
[0223/180912.359:ERROR:process_memory_win.cc(73)] ReadMemory at 0x7fefd330000 of 64 bytes failed: Запрос ReadProcessMemory или WriteProcessMemory был выполнен только частично. (0x12B)
[0223/180912.359:WARNING:pe_image_reader.cc(340)] could not read dos header from C:\Windows\system32\KERNELBASE.dll
[0223/180912.359:ERROR:process_memory_win.cc(73)] ReadMemory at 0x7fee5900000 of 64 bytes failed: Запрос ReadProcessMemory или WriteProcessMemory был выполнен только частично. (0x12B)
[0223/180912.359:WARNING:pe_image_reader.cc(340)] could not read dos header from c:\PROGRA~2\google\chrome\APPLIC~1\80.0.3987.116\chrome_elf.dll
[0223/180912.359:ERROR:process_memory_win.cc(73)] ReadMemory at 0x7fefc350000 of 64 bytes failed: Запрос ReadProcessMemory или WriteProcessMemory был выполнен только частично. (0x12B)
[0223/180912.359:WARNING:pe_image_reader.cc(340)] could not read dos header from C:\Windows\system32\VERSION.dll
[0223/180912.359:ERROR:process_memory_win.cc(73)] ReadMemory at 0x7fefda80000 of 64 bytes failed: Запрос ReadProcessMemory или WriteProcessMemory был выполнен только частично. (0x12B)
[0223/180912.359:WARNING:pe_image_reader.cc(340)] could not read dos header from C:\Windows\system32\msvcrt.dll
[0223/180912.359:ERROR:process_memory_win.cc(73)] ReadMemory at 0x7fefe1e0000 of 64 bytes failed: Запрос ReadProcessMemory или WriteProcessMemory был выполнен только частично. (0x12B)
[0223/180912.359:WARNING:pe_image_reader.cc(340)] could not read dos header from C:\Windows\system32\SHELL32.dll
[0223/180912.359:ERROR:process_memory_win.cc(73)] ReadMemory at 0x7fefdb20000 of 64 bytes failed: Запрос ReadProcessMemory или WriteProcessMemory был выполнен только частично. (0x12B)
[0223/180912.359:WARNING:pe_image_reader.cc(340)] could not read dos header from C:\Windows\system32\SHLWAPI.dll
[0223/180912.359:ERROR:process_memory_win.cc(73)] ReadMemory at 0x7fefda10000 of 64 bytes failed: Запрос ReadProcessMemory или WriteProcessMemory был выполнен только частично. (0x12B)
[0223/180912.359:WARNING:pe_image_reader.cc(340)] could not read dos header from C:\Windows\system32\GDI32.dll
[0223/180912.359:ERROR:process_memory_win.cc(73)] ReadMemory at 0x770f0000 of 64 bytes failed: Запрос ReadProcessMemory или WriteProcessMemory был выполнен только частично. (0x12B)
[0223/180912.359:WARNING:pe_image_reader.cc(340)] could not read dos header from C:\Windows\system32\USER32.dll
[0223/180912.359:ERROR:process_memory_win.cc(73)] ReadMemory at 0x7fefd6b0000 of 64 bytes failed: Запрос ReadProcessMemory или WriteProcessMemory был выполнен только частично. (0x12B)
[0223/180912.359:WARNING:pe_image_reader.cc(340)] could not read dos header from C:\Windows\system32\LPK.dll
[0223/180912.359:ERROR:process_memory_win.cc(73)] ReadMemory at 0x7feff180000 of 64 bytes failed: Запрос ReadProcessMemory или WriteProcessMemory был выполнен только частично. (0x12B)
[0223/180912.359:WARNING:pe_image_reader.cc(340)] could not read dos header from C:\Windows\system32\USP10.dll
[0223/180912.359:ERROR:process_memory_win.cc(73)] ReadMemory at 0x7fefdff0000 of 64 bytes failed: Запрос ReadProcessMemory или WriteProcessMemory был выполнен только частично. (0x12B)
[0223/180912.359:WARNING:pe_image_reader.cc(340)] could not read dos header from C:\Windows\system32\IMM32.DLL
[0223/180912.359:ERROR:process_memory_win.cc(73)] ReadMemory at 0x7fefdbb0000 of 64 bytes failed: Запрос ReadProcessMemory или WriteProcessMemory был выполнен только частично. (0x12B)
[0223/180912.359:WARNING:pe_image_reader.cc(340)] could not read dos header from C:\Windows\system32\MSCTF.dll
[0223/180912.359:ERROR:process_memory_win.cc(73)] ReadMemory at 0x7fefe020000 of 64 bytes failed: Запрос ReadProcessMemory или WriteProcessMemory был выполнен только частично. (0x12B)
[0223/180912.359:WARNING:pe_image_reader.cc(340)] could not read dos header from C:\Windows\system32\ADVAPI32.dll
[0223/180912.359:ERROR:process_memory_win.cc(73)] ReadMemory at 0x7feff4d0000 of 64 bytes failed: Запрос ReadProcessMemory или WriteProcessMemory был выполнен только частично. (0x12B)
[0223/180912.359:WARNING:pe_image_reader.cc(340)] could not read dos header from C:\Windows\SYSTEM32\sechost.dll
[0223/180912.360:ERROR:process_memory_win.cc(73)] ReadMemory at 0x7fefd8e0000 of 64 bytes failed: Запрос ReadProcessMemory или WriteProcessMemory был выполнен только частично. (0x12B)
[0223/180912.360:WARNING:pe_image_reader.cc(340)] could not read dos header from C:\Windows\system32\RPCRT4.dll
[0223/180912.360:ERROR:process_memory_win.cc(73)] ReadMemory at 0x7fed2710000 of 64 bytes failed: Запрос ReadProcessMemory или WriteProcessMemory был выполнен только частично. (0x12B)
[0223/180912.360:WARNING:pe_image_reader.cc(340)] could not read dos header from c:\PROGRA~2\google\chrome\APPLIC~1\80.0.3987.116\chrome.dll
[0223/180912.360:ERROR:process_memory_win.cc(73)] ReadMemory at 0x7fefdfa0000 of 64 bytes failed: Запрос ReadProcessMemory или WriteProcessMemory был выполнен только частично. (0x12B)
[0223/180912.360:WARNING:pe_image_reader.cc(340)] could not read dos header from C:\Windows\system32\WS2_32.dll
[0223/180912.360:ERROR:process_memory_win.cc(73)] ReadMemory at 0x7fefdba0000 of 64 bytes failed: Запрос ReadProcessMemory или WriteProcessMemory был выполнен только частично. (0x12B)
[0223/180912.360:WARNING:pe_image_reader.cc(340)] could not read dos header from C:\Windows\system32\NSI.dll
[0223/180912.360:ERROR:process_memory_win.cc(73)] ReadMemory at 0x7fefae10000 of 64 bytes failed: Запрос ReadProcessMemory или WriteProcessMemory был выполнен только частично. (0x12B)
[0223/180912.360:WARNING:pe_image_reader.cc(340)] could not read dos header from C:\Windows\system32\IPHLPAPI.DLL
[0223/180912.360:ERROR:process_memory_win.cc(73)] ReadMemory at 0x7fefaf50000 of 64 bytes failed: Запрос ReadProcessMemory или WriteProcessMemory был выполнен только частично. (0x12B)
[0223/180912.360:WARNING:pe_image_reader.cc(340)] could not read dos header from C:\Windows\system32\WINNSI.DLL
[0223/180912.360:ERROR:process_memory_win.cc(73)] ReadMemory at 0x7fefe100000 of 64 bytes failed: Запрос ReadProcessMemory или WriteProcessMemory был выполнен только частично. (0x12B)
[0223/180912.360:WARNING:pe_image_reader.cc(340)] could not read dos header from C:\Windows\system32\OLEAUT32.dll
[0223/180912.360:ERROR:process_memory_win.cc(73)] ReadMemory at 0x7fefef70000 of 64 bytes failed: Запрос ReadProcessMemory или WriteProcessMemory был выполнен только частично. (0x12B)
[0223/180912.360:WARNING:pe_image_reader.cc(340)] could not read dos header from C:\Windows\system32\ole32.dll
[0223/180912.360:ERROR:process_memory_win.cc(73)] ReadMemory at 0x7fefaf10000 of 64 bytes failed: Запрос ReadProcessMemory или WriteProcessMemory был выполнен только частично. (0x12B)
[0223/180912.360:WARNING:pe_image_reader.cc(340)] could not read dos header from C:\Windows\system32\WINMM.dll
[0223/180912.360:ERROR:process_memory_win.cc(73)] ReadMemory at 0x7fefd060000 of 64 bytes failed: Запрос ReadProcessMemory или WriteProcessMemory был выполнен только частично. (0x12B)
[0223/180912.360:WARNING:pe_image_reader.cc(340)] could not read dos header from C:\Windows\system32\Secur32.dll
[0223/180912.360:ERROR:process_memory_win.cc(73)] ReadMemory at 0x7fefd0b0000 of 64 bytes failed: Запрос ReadProcessMemory или WriteProcessMemory был выполнен только частично. (0x12B)
[0223/180912.360:WARNING:pe_image_reader.cc(340)] could not read dos header from C:\Windows\system32\SSPICLI.DLL
[0223/180912.360:ERROR:process_memory_win.cc(73)] ReadMemory at 0x7fefc5a0000 of 64 bytes failed: Запрос ReadProcessMemory или WriteProcessMemory был выполнен только частично. (0x12B)
[0223/180912.360:WARNING:pe_image_reader.cc(340)] could not read dos header from C:\Windows\system32\USERENV.dll
[0223/180912.360:ERROR:process_memory_win.cc(73)] ReadMemory at 0x7fefd260000 of 64 bytes failed: Запрос ReadProcessMemory или WriteProcessMemory был выполнен только частично. (0x12B)
[0223/180912.360:WARNING:pe_image_reader.cc(340)] could not read dos header from C:\Windows\system32\profapi.dll
[0223/180912.360:ERROR:process_memory_win.cc(73)] ReadMemory at 0x7fefd550000 of 64 bytes failed: Запрос ReadProcessMemory или WriteProcessMemory был выполнен только частично. (0x12B)
[0223/180912.360:WARNING:pe_image_reader.cc(340)] could not read dos header from C:\Windows\system32\WINTRUST.dll
[0223/180912.360:ERROR:process_memory_win.cc(73)] ReadMemory at 0x7fefd3e0000 of 64 bytes failed: Запрос ReadProcessMemory или WriteProcessMemory был выполнен только частично. (0x12B)
[0223/180912.360:WARNING:pe_image_reader.cc(340)] could not read dos header from C:\Windows\system32\CRYPT32.dll
[0223/180912.360:ERROR:process_memory_win.cc(73)] ReadMemory at 0x7fefd300000 of 64 bytes failed: Запрос ReadProcessMemory или WriteProcessMemory был выполнен только частично. (0x12B)
[0223/180912.360:WARNING:pe_image_reader.cc(340)] could not read dos header from C:\Windows\system32\MSASN1.dll
[0223/180912.360:ERROR:process_memory_win.cc(73)] ReadMemory at 0x7fee5840000 of 64 bytes failed: Запрос ReadProcessMemory или WriteProcessMemory был выполнен только частично. (0x12B)
[0223/180912.360:WARNING:pe_image_reader.cc(340)] could not read dos header from C:\Windows\system32\UIAutomationCore.DLL
[0223/180912.360:ERROR:process_memory_win.cc(73)] ReadMemory at 0x774e0000 of 64 bytes failed: Запрос ReadProcessMemory или WriteProcessMemory был выполнен только частично. (0x12B)
[0223/180912.360:WARNING:pe_image_reader.cc(340)] could not read dos header from C:\Windows\system32\PSAPI.DLL
[0223/180912.360:ERROR:process_memory_win.cc(73)] ReadMemory at 0x7fee9490000 of 64 bytes failed: Запрос ReadProcessMemory или WriteProcessMemory был выполнен только частично. (0x12B)
[0223/180912.360:WARNING:pe_image_reader.cc(340)] could not read dos header from C:\Windows\system32\OLEACC.dll
[0223/180912.360:ERROR:process_memory_win.cc(73)] ReadMemory at 0x7fee8340000 of 64 bytes failed: Запрос ReadProcessMemory или WriteProcessMemory был выполнен только частично. (0x12B)
[0223/180912.360:WARNING:pe_image_reader.cc(340)] could not read dos header from C:\Windows\system32\DWrite.dll
[0223/180912.360:ERROR:process_memory_win.cc(73)] ReadMemory at 0x7fef0510000 of 64 bytes failed: Запрос ReadProcessMemory или WriteProcessMemory был выполнен только частично. (0x12B)
[0223/180912.360:WARNING:pe_image_reader.cc(340)] could not read dos header from C:\Windows\system32\WINSPOOL.DRV
[0223/180912.361:ERROR:process_memory_win.cc(73)] ReadMemory at 0x7fef9110000 of 64 bytes failed: Запрос ReadProcessMemory или WriteProcessMemory был выполнен только частично. (0x12B)
[0223/180912.361:WARNING:pe_image_reader.cc(340)] could not read dos header from C:\Windows\system32\dbghelp.dll
[0223/180912.361:ERROR:process_memory_win.cc(73)] ReadMemory at 0x7fef9420000 of 64 bytes failed: Запрос ReadProcessMemory или WriteProcessMemory был выполнен только частично. (0x12B)
[0223/180912.361:WARNING:pe_image_reader.cc(340)] could not read dos header from C:\Windows\system32\WINHTTP.dll
[0223/180912.361:ERROR:process_memory_win.cc(73)] ReadMemory at 0x7fef93b0000 of 64 bytes failed: Запрос ReadProcessMemory или WriteProcessMemory был выполнен только частично. (0x12B)
[0223/180912.361:WARNING:pe_image_reader.cc(340)] could not read dos header from C:\Windows\system32\webio.dll
[0223/180912.361:ERROR:process_memory_win.cc(73)] ReadMemory at 0x7fefabc0000 of 64 bytes failed: Запрос ReadProcessMemory или WriteProcessMemory был выполнен только частично. (0x12B)
[0223/180912.361:WARNING:pe_image_reader.cc(340)] could not read dos header from C:\Windows\system32\dhcpcsvc.DLL
[0223/180912.361:ERROR:process_memory_win.cc(73)] ReadMemory at 0x7fefd150000 of 64 bytes failed: Запрос ReadProcessMemory или WriteProcessMemory был выполнен только частично. (0x12B)
[0223/180912.361:WARNING:pe_image_reader.cc(340)] could not read dos header from C:\Windows\system32\cryptbase.dll
[0223/180912.592:ERROR:process_memory_win.cc(73)] ReadMemory at 0x2aac000 of 16384 bytes failed: Запрос ReadProcessMemory или WriteProcessMemory был выполнен только частично. (0x12B)
[0223/180912.592:ERROR:process_memory_win.cc(73)] ReadMemory at 0x92fdc of 90 bytes failed: Запрос ReadProcessMemory или WriteProcessMemory был выполнен только частично. (0x12B)
[0223/180912.593:ERROR:process_memory_win.cc(73)] ReadMemory at 0x93230 of 58 bytes failed: Запрос ReadProcessMemory или WriteProcessMemory был выполнен только частично. (0x12B)
[0223/180912.593:ERROR:process_memory_win.cc(73)] ReadMemory at 0x932c0 of 132 bytes failed: Запрос ReadProcessMemory или WriteProcessMemory был выполнен только частично. (0x12B)
[0223/180912.593:ERROR:process_memory_win.cc(73)] ReadMemory at 0x933b0 of 132 bytes failed: Запрос ReadProcessMemory или WriteProcessMemory был выполнен только частично. (0x12B)
[0223/180912.593:ERROR:process_memory_win.cc(73)] ReadMemory at 0x937b0 of 132 bytes failed: Запрос ReadProcessMemory или WriteProcessMemory был выполнен только частично. (0x12B)
[0223/180912.593:ERROR:process_memory_win.cc(73)] ReadMemory at 0x938a0 of 132 bytes failed: Запрос ReadProcessMemory или WriteProcessMemory был выполнен только частично. (0x12B)
[0223/180912.593:ERROR:process_memory_win.cc(73)] ReadMemory at 0x93f00 of 64 bytes failed: Запрос ReadProcessMemory или WriteProcessMemory был выполнен только частично. (0x12B)
[0223/180912.593:ERROR:process_memory_win.cc(73)] ReadMemory at 0x93f80 of 68 bytes failed: Запрос ReadProcessMemory или WriteProcessMemory был выполнен только частично. (0x12B)
[0223/180912.593:ERROR:process_memory_win.cc(73)] ReadMemory at 0xd4250 of 62 bytes failed: Запрос ReadProcessMemory или WriteProcessMemory был выполнен только частично. (0x12B)
[0223/180912.593:ERROR:process_memory_win.cc(73)] ReadMemory at 0xd42a0 of 60 bytes failed: Запрос ReadProcessMemory или WriteProcessMemory был выполнен только частично. (0x12B)
[0223/180912.593:ERROR:process_memory_win.cc(73)] ReadMemory at 0xd43b0 of 126 bytes failed: Запрос ReadProcessMemory или WriteProcessMemory был выполнен только частично. (0x12B)
[0223/180912.593:ERROR:process_memory_win.cc(73)] ReadMemory at 0xd5050 of 132 bytes failed: Запрос ReadProcessMemory или WriteProcessMemory был выполнен только частично. (0x12B)
[0223/180912.593:ERROR:process_memory_win.cc(73)] ReadMemory at 0xd5220 of 132 bytes failed: Запрос ReadProcessMemory или WriteProcessMemory был выполнен только частично. (0x12B)
[0223/180912.593:ERROR:process_memory_win.cc(73)] ReadMemory at 0xd5310 of 132 bytes failed: Запрос ReadProcessMemory или WriteProcessMemory был выполнен только частично. (0x12B)
[0223/180912.593:ERROR:process_memory_win.cc(73)] ReadMemory at 0xd65b0 of 62 bytes failed: Запрос ReadProcessMemory или WriteProcessMemory был выполнен только частично. (0x12B)
[0223/180912.593:ERROR:process_memory_win.cc(73)] ReadMemory at 0xd6600 of 62 bytes failed: Запрос ReadProcessMemory или WriteProcessMemory был выполнен только частично. (0x12B)
[0223/180912.593:ERROR:process_memory_win.cc(73)] ReadMemory at 0xd6650 of 58 bytes failed: Запрос ReadProcessMemory или WriteProcessMemory был выполнен только частично. (0x12B)
[0223/180912.593:ERROR:process_memory_win.cc(73)] ReadMemory at 0xd66a0 of 60 bytes failed: Запрос ReadProcessMemory или WriteProcessMemory был выполнен только частично. (0x12B)
[0223/180912.593:ERROR:process_memory_win.cc(73)] ReadMemory at 0xd66f0 of 58 bytes failed: Запрос ReadProcessMemory или WriteProcessMemory был выполнен только частично. (0x12B)
[0223/180912.593:ERROR:process_memory_win.cc(73)] ReadMemory at 0xd6740 of 64 bytes failed: Запрос ReadProcessMemory или WriteProcessMemory был выполнен только частично. (0x12B)
[0223/180912.593:ERROR:process_memory_win.cc(73)] ReadMemory at 0xd6790 of 58 bytes failed: Запрос ReadProcessMemory или WriteProcessMemory был выполнен только частично. (0x12B)
[0223/180912.593:ERROR:process_memory_win.cc(73)] ReadMemory at 0xd67e0 of 58 bytes failed: Запрос ReadProcessMemory или WriteProcessMemory был выполнен только частично. (0x12B)
[0223/180912.593:ERROR:process_memory_win.cc(73)] ReadMemory at 0xd6830 of 62 bytes failed: Запрос ReadProcessMemory или WriteProcessMemory был выполнен только частично. (0x12B)
[0223/180912.593:ERROR:process_memory_win.cc(73)] ReadMemory at 0xd6880 of 60 bytes failed: Запрос ReadProcessMemory или WriteProcessMemory был выполнен только частично. (0x12B)
[0223/180912.594:ERROR:process_memory_win.cc(73)] ReadMemory at 0xd68d0 of 60 bytes failed: Запрос ReadProcessMemory или WriteProcessMemory был выполнен только частично. (0x12B)
[0223/180912.594:ERROR:process_memory_win.cc(73)] ReadMemory at 0xd6920 of 64 bytes failed: Запрос ReadProcessMemory или WriteProcessMemory был выполнен только частично. (0x12B)
[0223/180912.594:ERROR:process_memory_win.cc(73)] ReadMemory at 0xd6970 of 60 bytes failed: Запрос ReadProcessMemory или WriteProcessMemory был выполнен только частично. (0x12B)
[0223/180912.594:ERROR:process_memory_win.cc(73)] ReadMemory at 0xd69c0 of 64 bytes failed: Запрос ReadProcessMemory или WriteProcessMemory был выполнен только частично. (0x12B)
[0223/180912.594:ERROR:process_memory_win.cc(73)] ReadMemory at 0xd6a10 of 58 bytes failed: Запрос ReadProcessMemory или WriteProcessMemory был выполнен только частично. (0x12B)
[0223/180912.594:ERROR:process_memory_win.cc(73)] ReadMemory at 0xd6a60 of 58 bytes failed: Запрос ReadProcessMemory или WriteProcessMemory был выполнен только частично. (0x12B)
[0223/180912.594:ERROR:process_memory_win.cc(73)] ReadMemory at 0xd6ab0 of 62 bytes failed: Запрос ReadProcessMemory или WriteProcessMemory был выполнен только частично. (0x12B)
[0223/180912.594:ERROR:process_memory_win.cc(73)] ReadMemory at 0xd6b00 of 62 bytes failed: Запрос ReadProcessMemory или WriteProcessMemory был выполнен только частично. (0x12B)
[0223/180912.594:ERROR:process_memory_win.cc(73)] ReadMemory at 0xd6b50 of 62 bytes failed: Запрос ReadProcessMemory или WriteProcessMemory был выполнен только частично. (0x12B)
[0223/180912.594:ERROR:process_memory_win.cc(73)] ReadMemory at 0xd6ba0 of 62 bytes failed: Запрос ReadProcessMemory или WriteProcessMemory был выполнен только частично. (0x12B)
[0223/180912.594:ERROR:process_memory_win.cc(73)] ReadMemory at 0xd6bf0 of 64 bytes failed: Запрос ReadProcessMemory или WriteProcessMemory был выполнен только частично. (0x12B)
[0223/180912.594:ERROR:process_memory_win.cc(73)] ReadMemory at 0xd6c40 of 62 bytes failed: Запрос ReadProcessMemory или WriteProcessMemory был выполнен только частично. (0x12B)
[0223/180912.594:ERROR:process_memory_win.cc(73)] ReadMemory at 0xd6c90 of 60 bytes failed: Запрос ReadProcessMemory или WriteProcessMemory был выполнен только частично. (0x12B)
[0223/180912.594:ERROR:process_memory_win.cc(73)] ReadMemory at 0xd6ce0 of 58 bytes failed: Запрос ReadProcessMemory или WriteProcessMemory был выполнен только частично. (0x12B)
[0223/180912.594:ERROR:process_memory_win.cc(73)] ReadMemory at 0xd6d30 of 60 bytes failed: Запрос ReadProcessMemory или WriteProcessMemory был выполнен только частично. (0x12B)
[0223/180912.595:ERROR:process_memory_win.cc(73)] ReadMemory at 0xd6d80 of 60 bytes failed: Запрос ReadProcessMemory или WriteProcessMemory был выполнен только частично. (0x12B)
[0223/180912.595:ERROR:process_memory_win.cc(73)] ReadMemory at 0xd6dd0 of 64 bytes failed: Запрос ReadProcessMemory или WriteProcessMemory был выполнен только частично. (0x12B)
[0223/180912.595:ERROR:process_memory_win.cc(73)] ReadMemory at 0xd6e20 of 62 bytes failed: Запрос ReadProcessMemory или WriteProcessMemory был выполнен только частично. (0x12B)
[0223/180912.595:ERROR:process_memory_win.cc(73)] ReadMemory at 0xd6e70 of 62 bytes failed: Запрос ReadProcessMemory или WriteProcessMemory был выполнен только частично. (0x12B)
[0223/180912.595:ERROR:process_memory_win.cc(73)] ReadMemory at 0xd6ec0 of 58 bytes failed: Запрос ReadProcessMemory или WriteProcessMemory был выполнен только частично. (0x12B)
[0223/180912.595:ERROR:process_memory_win.cc(73)] ReadMemory at 0xd6f10 of 64 bytes failed: Запрос ReadProcessMemory или WriteProcessMemory был выполнен только частично. (0x12B)
[0223/180912.595:ERROR:process_memory_win.cc(73)] ReadMemory at 0xda650 of 54 bytes failed: Запрос ReadProcessMemory или WriteProcessMemory был выполнен только частично. (0x12B)
[0223/180912.595:ERROR:process_memory_win.cc(73)] ReadMemory at 0xdb5e0 of 132 bytes failed: Запрос ReadProcessMemory или WriteProcessMemory был выполнен только частично. (0x12B)
[0223/180912.595:ERROR:process_memory_win.cc(73)] ReadMemory at 0xdb6d0 of 132 bytes failed: Запрос ReadProcessMemory или WriteProcessMemory был выполнен только частично. (0x12B)
[0223/180912.595:ERROR:process_memory_win.cc(73)] ReadMemory at 0xdb7c0 of 132 bytes failed: Запрос ReadProcessMemory или WriteProcessMemory был выполнен только частично. (0x12B)
[0223/180912.595:ERROR:process_memory_win.cc(73)] ReadMemory at 0xdb8b0 of 132 bytes failed: Запрос ReadProcessMemory или WriteProcessMemory был выполнен только частично. (0x12B)
[0223/180912.595:ERROR:process_memory_win.cc(73)] ReadMemory at 0xdb9a0 of 132 bytes failed: Запрос ReadProcessMemory или WriteProcessMemory был выполнен только частично. (0x12B)
[0223/180912.595:ERROR:process_memory_win.cc(73)] ReadMemory at 0xdba90 of 132 bytes failed: Запрос ReadProcessMemory или WriteProcessMemory был выполнен только частично. (0x12B)
[0223/180912.595:ERROR:process_memory_win.cc(73)] ReadMemory at 0xdc380 of 132 bytes failed: Запрос ReadProcessMemory или WriteProcessMemory был выполнен только частично. (0x12B)
[0223/180912.595:ERROR:process_memory_win.cc(73)] ReadMemory at 0xdc5b0 of 132 bytes failed: Запрос ReadProcessMemory или WriteProcessMemory был выполнен только частично. (0x12B)
[0223/180912.595:ERROR:process_memory_win.cc(73)] ReadMemory at 0xde080 of 132 bytes failed: Запрос ReadProcessMemory или WriteProcessMemory был выполнен только частично. (0x12B)
[0223/180912.595:ERROR:process_memory_win.cc(73)] ReadMemory at 0xde170 of 132 bytes failed: Запрос ReadProcessMemory или WriteProcessMemory был выполнен только частично. (0x12B)
[0223/180912.595:ERROR:process_memory_win.cc(73)] ReadMemory at 0xde260 of 624 bytes failed: Запрос ReadProcessMemory или WriteProcessMemory был выполнен только частично. (0x12B)
[0223/180912.595:ERROR:process_memory_win.cc(73)] ReadMemory at 0xde530 of 132 bytes failed: Запрос ReadProcessMemory или WriteProcessMemory был выполнен только частично. (0x12B)
[0223/180912.595:ERROR:process_memory_win.cc(73)] ReadMemory at 0xde620 of 132 bytes failed: Запрос ReadProcessMemory или WriteProcessMemory был выполнен только частично. (0x12B)
[0223/180912.595:ERROR:process_memory_win.cc(73)] ReadMemory at 0xde710 of 132 bytes failed: Запрос ReadProcessMemory или WriteProcessMemory был выполнен только частично. (0x12B)
[0223/180912.595:ERROR:process_memory_win.cc(73)] ReadMemory at 0xde800 of 132 bytes failed: Запрос ReadProcessMemory или WriteProcessMemory был выполнен только частично. (0x12B)
[0223/180912.596:ERROR:process_memory_win.cc(73)] ReadMemory at 0xde8f0 of 132 bytes failed: Запрос ReadProcessMemory или WriteProcessMemory был выполнен только частично. (0x12B)
[0223/180912.596:ERROR:process_memory_win.cc(73)] ReadMemory at 0xde9e0 of 132 bytes failed: Запрос ReadProcessMemory или WriteProcessMemory был выполнен только частично. (0x12B)
[0223/180912.596:ERROR:process_memory_win.cc(73)] ReadMemory at 0xdead0 of 132 bytes failed: Запрос ReadProcessMemory или WriteProcessMemory был выполнен только частично. (0x12B)
[0223/180912.901:ERROR:process_memory_win.cc(73)] ReadMemory at 0xdebc0 of 132 bytes failed: Запрос ReadProcessMemory или WriteProcessMemory был выполнен только частично. (0x12B)
[0223/180912.901:ERROR:process_memory_win.cc(73)] ReadMemory at 0xdecb0 of 132 bytes failed: Запрос ReadProcessMemory или WriteProcessMemory был выполнен только частично. (0x12B)
[0223/180912.901:ERROR:process_memory_win.cc(73)] ReadMemory at 0xdeda0 of 132 bytes failed: Запрос ReadProcessMemory или WriteProcessMemory был выполнен только частично. (0x12B)
[0223/180912.901:ERROR:process_memory_win.cc(73)] ReadMemory at 0xdee90 of 132 bytes failed: Запрос ReadProcessMemory или WriteProcessMemory был выполнен только частично. (0x12B)
[0223/180912.901:ERROR:process_memory_win.cc(73)] ReadMemory at 0xdef80 of 132 bytes failed: Запрос ReadProcessMemory или WriteProcessMemory был выполнен только частично. (0x12B)
[0223/180912.901:ERROR:process_memory_win.cc(73)] ReadMemory at 0xdf070 of 132 bytes failed: Запрос ReadProcessMemory или WriteProcessMemory был выполнен только частично. (0x12B)
[0223/180912.901:ERROR:process_memory_win.cc(73)] ReadMemory at 0xdf160 of 132 bytes failed: Запрос ReadProcessMemory или WriteProcessMemory был выполнен только частично. (0x12B)
[0223/180912.901:ERROR:process_memory_win.cc(73)] ReadMemory at 0xdf250 of 132 bytes failed: Запрос ReadProcessMemory или WriteProcessMemory был выполнен только частично. (0x12B)
[0223/180912.901:ERROR:process_memory_win.cc(73)] ReadMemory at 0xdf340 of 132 bytes failed: Запрос ReadProcessMemory или WriteProcessMemory был выполнен только частично. (0x12B)
[0223/180912.901:ERROR:process_memory_win.cc(73)] ReadMemory at 0xdf430 of 132 bytes failed: Запрос ReadProcessMemory или WriteProcessMemory был выполнен только частично. (0x12B)
[0223/180912.901:ERROR:process_memory_win.cc(73)] ReadMemory at 0xdf520 of 132 bytes failed: Запрос ReadProcessMemory или WriteProcessMemory был выполнен только частично. (0x12B)
[0223/180912.901:ERROR:process_memory_win.cc(73)] ReadMemory at 0xdf610 of 132 bytes failed: Запрос ReadProcessMemory или WriteProcessMemory был выполнен только частично. (0x12B)
[0223/180912.901:ERROR:process_memory_win.cc(73)] ReadMemory at 0xdf700 of 132 bytes failed: Запрос ReadProcessMemory или WriteProcessMemory был выполнен только частично. (0x12B)
[0223/180912.901:ERROR:process_memory_win.cc(73)] ReadMemory at 0xdf7f0 of 132 bytes failed: Запрос ReadProcessMemory или WriteProcessMemory был выполнен только частично. (0x12B)
[0223/180912.901:ERROR:process_memory_win.cc(73)] ReadMemory at 0xdf8e0 of 132 bytes failed: Запрос ReadProcessMemory или WriteProcessMemory был выполнен только частично. (0x12B)
[0223/180912.902:ERROR:process_memory_win.cc(73)] ReadMemory at 0xe0c50 of 54 bytes failed: Запрос ReadProcessMemory или WriteProcessMemory был выполнен только частично. (0x12B)
[0223/180912.902:ERROR:process_memory_win.cc(73)] ReadMemory at 0xe2140 of 118 bytes failed: Запрос ReadProcessMemory или WriteProcessMemory был выполнен только частично. (0x12B)
[0223/180912.902:ERROR:process_memory_win.cc(73)] ReadMemory at 0xe34a0 of 80 bytes failed: Запрос ReadProcessMemory или WriteProcessMemory был выполнен только частично. (0x12B)
[0223/180912.902:ERROR:process_memory_win.cc(73)] ReadMemory at 0x772fb2a8 of 512 bytes failed: Запрос ReadProcessMemory или WriteProcessMemory был выполнен только частично. (0x12B)
[0223/180912.902:ERROR:process_memory_win.cc(73)] ReadMemory at 0x773614ca of 784 bytes failed: Запрос ReadProcessMemory или WriteProcessMemory был выполнен только частично. (0x12B)
[0223/180912.902:ERROR:process_memory_win.cc(73)] ReadMemory at 0x774253f8 of 18 bytes failed: Запрос ReadProcessMemory или WriteProcessMemory был выполнен только частично. (0x12B)
[0223/180912.902:ERROR:process_memory_win.cc(73)] ReadMemory at 0x77442640 of 64 bytes failed: Запрос ReadProcessMemory или WriteProcessMemory был выполнен только частично. (0x12B)
[0223/180912.902:ERROR:process_memory_win.cc(73)] ReadMemory at 0x7fed2710000 of 384 bytes failed: Запрос ReadProcessMemory или WriteProcessMemory был выполнен только частично. (0x12B)
[0223/180912.902:ERROR:process_memory_win.cc(73)] ReadMemory at 0x7fed2e3de98 of 512 bytes failed: Запрос ReadProcessMemory или WriteProcessMemory был выполнен только частично. (0x12B)
[0223/180912.902:ERROR:process_memory_win.cc(73)] ReadMemory at 0x7fed9b0a430 of 512 bytes failed: Запрос ReadProcessMemory или WriteProcessMemory был выполнен только частично. (0x12B)
[0223/180912.902:ERROR:process_memory_win.cc(73)] ReadMemory at 0x7fee592ba6e of 512 bytes failed: Запрос ReadProcessMemory или WriteProcessMemory был выполнен только частично. (0x12B)
[0223/180912.902:ERROR:process_memory_win.cc(73)] ReadMemory at 0x7fffffd2f80 of 980 bytes failed: Запрос ReadProcessMemory или WriteProcessMemory был выполнен только частично. (0x12B)
[0223/180912.902:ERROR:process_memory_win.cc(73)] ReadMemory at 0x7fffffdbf80 of 6152 bytes failed: Запрос ReadProcessMemory или WriteProcessMemory был выполнен только частично. (0x12B)
[0223/180912.912:ERROR:scoped_process_suspend.cc(40)] NtResumeProcess: Попытка доступа к процессу, выполняющему процедуру завершения. (0xc000010a)
